{"/Users/thomascalhoun/Documents/søk/server/src/resolvers/others.ts": {"path":"/Users/thomascalhoun/Documents/søk/server/src/resolvers/others.ts","statementMap":{"0":{"start":{"line":13,"column":35},"end":{"line":23,"column":null}},"1":{"start":{"line":15,"column":20},"end":{"line":15,"column":95}},"2":{"start":{"line":16,"column":4},"end":{"line":16,"column":null}},"3":{"start":{"line":20,"column":20},"end":{"line":20,"column":93}},"4":{"start":{"line":21,"column":4},"end":{"line":21,"column":null}},"5":{"start":{"line":21,"column":23},"end":{"line":21,"column":48}},"6":{"start":{"line":25,"column":37},"end":{"line":84,"column":null}},"7":{"start":{"line":31,"column":10},"end":{"line":31,"column":27}},"8":{"start":{"line":32,"column":20},"end":{"line":34,"column":23}},"9":{"start":{"line":35,"column":4},"end":{"line":35,"column":null}},"10":{"start":{"line":43,"column":33},"end":{"line":43,"column":35}},"11":{"start":{"line":44,"column":44},"end":{"line":44,"column":50}},"12":{"start":{"line":45,"column":4},"end":{"line":45,"column":null}},"13":{"start":{"line":45,"column":23},"end":{"line":45,"column":60}},"14":{"start":{"line":45,"column":60},"end":{"line":45,"column":null}},"15":{"start":{"line":46,"column":4},"end":{"line":46,"column":null}},"16":{"start":{"line":46,"column":23},"end":{"line":46,"column":60}},"17":{"start":{"line":46,"column":60},"end":{"line":46,"column":null}},"18":{"start":{"line":47,"column":4},"end":{"line":47,"column":null}},"19":{"start":{"line":47,"column":23},"end":{"line":47,"column":60}},"20":{"start":{"line":47,"column":60},"end":{"line":47,"column":null}},"21":{"start":{"line":48,"column":20},"end":{"line":49,"column":87}},"22":{"start":{"line":50,"column":4},"end":{"line":50,"column":null}},"23":{"start":{"line":56,"column":4},"end":{"line":56,"column":null}},"24":{"start":{"line":57,"column":4},"end":{"line":57,"column":null}},"25":{"start":{"line":65,"column":4},"end":{"line":68,"column":null}},"26":{"start":{"line":69,"column":20},"end":{"line":69,"column":99}},"27":{"start":{"line":70,"column":4},"end":{"line":70,"column":null}},"28":{"start":{"line":78,"column":4},"end":{"line":80,"column":null}},"29":{"start":{"line":81,"column":20},"end":{"line":81,"column":99}},"30":{"start":{"line":82,"column":4},"end":{"line":82,"column":null}},"31":{"start":{"line":86,"column":42},"end":{"line":92,"column":null}},"32":{"start":{"line":88,"column":20},"end":{"line":89,"column":95}},"33":{"start":{"line":90,"column":4},"end":{"line":90,"column":null}},"34":{"start":{"line":90,"column":23},"end":{"line":90,"column":48}},"35":{"start":{"line":98,"column":33},"end":{"line":108,"column":null}},"36":{"start":{"line":100,"column":20},"end":{"line":100,"column":93}},"37":{"start":{"line":101,"column":4},"end":{"line":101,"column":null}},"38":{"start":{"line":105,"column":20},"end":{"line":105,"column":91}},"39":{"start":{"line":106,"column":4},"end":{"line":106,"column":null}},"40":{"start":{"line":106,"column":23},"end":{"line":106,"column":48}},"41":{"start":{"line":110,"column":35},"end":{"line":168,"column":null}},"42":{"start":{"line":116,"column":10},"end":{"line":116,"column":27}},"43":{"start":{"line":117,"column":20},"end":{"line":119,"column":62}},"44":{"start":{"line":120,"column":4},"end":{"line":120,"column":null}},"45":{"start":{"line":128,"column":33},"end":{"line":128,"column":35}},"46":{"start":{"line":129,"column":44},"end":{"line":129,"column":50}},"47":{"start":{"line":130,"column":4},"end":{"line":130,"column":null}},"48":{"start":{"line":130,"column":29},"end":{"line":130,"column":78}},"49":{"start":{"line":130,"column":78},"end":{"line":130,"column":null}},"50":{"start":{"line":131,"column":4},"end":{"line":131,"column":null}},"51":{"start":{"line":131,"column":29},"end":{"line":131,"column":78}},"52":{"start":{"line":131,"column":78},"end":{"line":131,"column":null}},"53":{"start":{"line":132,"column":20},"end":{"line":133,"column":85}},"54":{"start":{"line":134,"column":4},"end":{"line":134,"column":null}},"55":{"start":{"line":140,"column":4},"end":{"line":140,"column":null}},"56":{"start":{"line":141,"column":4},"end":{"line":141,"column":null}},"57":{"start":{"line":149,"column":4},"end":{"line":152,"column":null}},"58":{"start":{"line":153,"column":20},"end":{"line":153,"column":107}},"59":{"start":{"line":154,"column":4},"end":{"line":154,"column":null}},"60":{"start":{"line":162,"column":4},"end":{"line":164,"column":null}},"61":{"start":{"line":165,"column":20},"end":{"line":165,"column":107}},"62":{"start":{"line":166,"column":4},"end":{"line":166,"column":null}},"63":{"start":{"line":170,"column":40},"end":{"line":177,"column":null}},"64":{"start":{"line":172,"column":20},"end":{"line":174,"column":24}},"65":{"start":{"line":175,"column":4},"end":{"line":175,"column":null}},"66":{"start":{"line":175,"column":23},"end":{"line":175,"column":48}},"67":{"start":{"line":183,"column":30},"end":{"line":212,"column":null}},"68":{"start":{"line":185,"column":20},"end":{"line":185,"column":90}},"69":{"start":{"line":186,"column":4},"end":{"line":186,"column":null}},"70":{"start":{"line":194,"column":17},"end":{"line":196,"column":null}},"71":{"start":{"line":197,"column":44},"end":{"line":197,"column":46}},"72":{"start":{"line":198,"column":4},"end":{"line":198,"column":null}},"73":{"start":{"line":198,"column":18},"end":{"line":198,"column":null}},"74":{"start":{"line":200,"column":33},"end":{"line":200,"column":35}},"75":{"start":{"line":201,"column":4},"end":{"line":201,"column":null}},"76":{"start":{"line":201,"column":21},"end":{"line":201,"column":66}},"77":{"start":{"line":201,"column":66},"end":{"line":201,"column":null}},"78":{"start":{"line":202,"column":4},"end":{"line":204,"column":null}},"79":{"start":{"line":203,"column":6},"end":{"line":203,"column":null}},"80":{"start":{"line":204,"column":6},"end":{"line":204,"column":null}},"81":{"start":{"line":206,"column":4},"end":{"line":206,"column":null}},"82":{"start":{"line":206,"column":27},"end":{"line":206,"column":null}},"83":{"start":{"line":207,"column":4},"end":{"line":207,"column":null}},"84":{"start":{"line":209,"column":20},"end":{"line":209,"column":58}},"85":{"start":{"line":210,"column":4},"end":{"line":210,"column":null}},"86":{"start":{"line":210,"column":23},"end":{"line":210,"column":48}},"87":{"start":{"line":214,"column":37},"end":{"line":232,"column":null}},"88":{"start":{"line":216,"column":20},"end":{"line":217,"column":96}},"89":{"start":{"line":218,"column":4},"end":{"line":218,"column":null}},"90":{"start":{"line":222,"column":20},"end":{"line":223,"column":94}},"91":{"start":{"line":224,"column":4},"end":{"line":224,"column":null}},"92":{"start":{"line":228,"column":20},"end":{"line":229,"column":90}},"93":{"start":{"line":230,"column":4},"end":{"line":230,"column":null}},"94":{"start":{"line":230,"column":23},"end":{"line":230,"column":48}},"95":{"start":{"line":238,"column":28},"end":{"line":243,"column":null}},"96":{"start":{"line":240,"column":20},"end":{"line":240,"column":87}},"97":{"start":{"line":241,"column":4},"end":{"line":241,"column":null}},"98":{"start":{"line":241,"column":23},"end":{"line":241,"column":48}},"99":{"start":{"line":245,"column":35},"end":{"line":256,"column":null}},"100":{"start":{"line":247,"column":20},"end":{"line":250,"column":25}},"101":{"start":{"line":251,"column":4},"end":{"line":254,"column":null}},"102":{"start":{"line":251,"column":29},"end":{"line":254,"column":7}},"103":{"start":{"line":262,"column":36},"end":{"line":329,"column":null}},"104":{"start":{"line":268,"column":23},"end":{"line":277,"column":20}},"105":{"start":{"line":279,"column":27},"end":{"line":285,"column":7}},"106":{"start":{"line":279,"column":48},"end":{"line":285,"column":7}},"107":{"start":{"line":287,"column":26},"end":{"line":287,"column":74}},"108":{"start":{"line":287,"column":58},"end":{"line":287,"column":72}},"109":{"start":{"line":288,"column":19},"end":{"line":288,"column":69}},"110":{"start":{"line":288,"column":51},"end":{"line":288,"column":67}},"111":{"start":{"line":289,"column":19},"end":{"line":289,"column":69}},"112":{"start":{"line":289,"column":51},"end":{"line":289,"column":67}},"113":{"start":{"line":290,"column":19},"end":{"line":290,"column":69}},"114":{"start":{"line":290,"column":51},"end":{"line":290,"column":67}},"115":{"start":{"line":292,"column":23},"end":{"line":295,"column":20}},"116":{"start":{"line":297,"column":23},"end":{"line":300,"column":7}},"117":{"start":{"line":297,"column":44},"end":{"line":300,"column":7}},"118":{"start":{"line":302,"column":25},"end":{"line":305,"column":20}},"119":{"start":{"line":307,"column":22},"end":{"line":310,"column":7}},"120":{"start":{"line":307,"column":45},"end":{"line":310,"column":7}},"121":{"start":{"line":312,"column":22},"end":{"line":313,"column":75}},"122":{"start":{"line":314,"column":24},"end":{"line":314,"column":null}},"123":{"start":{"line":316,"column":4},"end":{"line":327,"column":null}},"124":{"start":{"line":335,"column":37},"end":{"line":370,"column":null}},"125":{"start":{"line":341,"column":25},"end":{"line":347,"column":20}},"126":{"start":{"line":349,"column":28},"end":{"line":349,"column":null}},"127":{"start":{"line":351,"column":23},"end":{"line":357,"column":20}},"128":{"start":{"line":359,"column":23},"end":{"line":362,"column":7}},"129":{"start":{"line":359,"column":44},"end":{"line":362,"column":7}},"130":{"start":{"line":364,"column":4},"end":{"line":368,"column":null}}},"fnMap":{"0":{"name":"(anonymous_0)","decl":{"start":{"line":14,"column":16},"end":{"line":14,"column":23}},"loc":{"start":{"line":14,"column":89},"end":{"line":16,"column":null}},"line":14},"1":{"name":"(anonymous_1)","decl":{"start":{"line":19,"column":17},"end":{"line":19,"column":24}},"loc":{"start":{"line":19,"column":79},"end":{"line":21,"column":null}},"line":19},"2":{"name":"(anonymous_2)","decl":{"start":{"line":21,"column":19},"end":{"line":21,"column":23}},"loc":{"start":{"line":21,"column":23},"end":{"line":21,"column":48}},"line":21},"3":{"name":"(anonymous_3)","decl":{"start":{"line":26,"column":22},"end":{"line":26,"column":null}},"loc":{"start":{"line":30,"column":7},"end":{"line":35,"column":null}},"line":30},"4":{"name":"(anonymous_4)","decl":{"start":{"line":38,"column":22},"end":{"line":38,"column":null}},"loc":{"start":{"line":42,"column":7},"end":{"line":50,"column":null}},"line":42},"5":{"name":"(anonymous_5)","decl":{"start":{"line":53,"column":22},"end":{"line":53,"column":null}},"loc":{"start":{"line":55,"column":30},"end":{"line":57,"column":null}},"line":55},"6":{"name":"(anonymous_6)","decl":{"start":{"line":60,"column":23},"end":{"line":60,"column":null}},"loc":{"start":{"line":64,"column":7},"end":{"line":70,"column":null}},"line":64},"7":{"name":"(anonymous_7)","decl":{"start":{"line":73,"column":26},"end":{"line":73,"column":null}},"loc":{"start":{"line":77,"column":7},"end":{"line":82,"column":null}},"line":77},"8":{"name":"(anonymous_8)","decl":{"start":{"line":87,"column":12},"end":{"line":87,"column":19}},"loc":{"start":{"line":87,"column":87},"end":{"line":92,"column":null}},"line":87},"9":{"name":"(anonymous_9)","decl":{"start":{"line":90,"column":19},"end":{"line":90,"column":23}},"loc":{"start":{"line":90,"column":23},"end":{"line":90,"column":48}},"line":90},"10":{"name":"(anonymous_10)","decl":{"start":{"line":99,"column":14},"end":{"line":99,"column":21}},"loc":{"start":{"line":99,"column":87},"end":{"line":101,"column":null}},"line":99},"11":{"name":"(anonymous_11)","decl":{"start":{"line":104,"column":15},"end":{"line":104,"column":22}},"loc":{"start":{"line":104,"column":77},"end":{"line":106,"column":null}},"line":104},"12":{"name":"(anonymous_12)","decl":{"start":{"line":106,"column":19},"end":{"line":106,"column":23}},"loc":{"start":{"line":106,"column":23},"end":{"line":106,"column":48}},"line":106},"13":{"name":"(anonymous_13)","decl":{"start":{"line":111,"column":20},"end":{"line":111,"column":null}},"loc":{"start":{"line":115,"column":7},"end":{"line":120,"column":null}},"line":115},"14":{"name":"(anonymous_14)","decl":{"start":{"line":123,"column":20},"end":{"line":123,"column":null}},"loc":{"start":{"line":127,"column":7},"end":{"line":134,"column":null}},"line":127},"15":{"name":"(anonymous_15)","decl":{"start":{"line":137,"column":20},"end":{"line":137,"column":null}},"loc":{"start":{"line":139,"column":30},"end":{"line":141,"column":null}},"line":139},"16":{"name":"(anonymous_16)","decl":{"start":{"line":144,"column":25},"end":{"line":144,"column":null}},"loc":{"start":{"line":148,"column":7},"end":{"line":154,"column":null}},"line":148},"17":{"name":"(anonymous_17)","decl":{"start":{"line":157,"column":30},"end":{"line":157,"column":null}},"loc":{"start":{"line":161,"column":7},"end":{"line":166,"column":null}},"line":161},"18":{"name":"(anonymous_18)","decl":{"start":{"line":171,"column":12},"end":{"line":171,"column":19}},"loc":{"start":{"line":171,"column":85},"end":{"line":177,"column":null}},"line":171},"19":{"name":"(anonymous_19)","decl":{"start":{"line":175,"column":19},"end":{"line":175,"column":23}},"loc":{"start":{"line":175,"column":23},"end":{"line":175,"column":48}},"line":175},"20":{"name":"(anonymous_20)","decl":{"start":{"line":184,"column":11},"end":{"line":184,"column":18}},"loc":{"start":{"line":184,"column":84},"end":{"line":186,"column":null}},"line":184},"21":{"name":"(anonymous_21)","decl":{"start":{"line":189,"column":12},"end":{"line":189,"column":null}},"loc":{"start":{"line":193,"column":7},"end":{"line":210,"column":null}},"line":193},"22":{"name":"(anonymous_22)","decl":{"start":{"line":210,"column":19},"end":{"line":210,"column":23}},"loc":{"start":{"line":210,"column":23},"end":{"line":210,"column":48}},"line":210},"23":{"name":"(anonymous_23)","decl":{"start":{"line":215,"column":10},"end":{"line":215,"column":17}},"loc":{"start":{"line":215,"column":80},"end":{"line":218,"column":null}},"line":215},"24":{"name":"(anonymous_24)","decl":{"start":{"line":221,"column":10},"end":{"line":221,"column":17}},"loc":{"start":{"line":221,"column":80},"end":{"line":224,"column":null}},"line":221},"25":{"name":"(anonymous_25)","decl":{"start":{"line":227,"column":10},"end":{"line":227,"column":17}},"loc":{"start":{"line":227,"column":80},"end":{"line":230,"column":null}},"line":227},"26":{"name":"(anonymous_26)","decl":{"start":{"line":230,"column":19},"end":{"line":230,"column":23}},"loc":{"start":{"line":230,"column":23},"end":{"line":230,"column":48}},"line":230},"27":{"name":"(anonymous_27)","decl":{"start":{"line":239,"column":10},"end":{"line":239,"column":17}},"loc":{"start":{"line":239,"column":72},"end":{"line":243,"column":null}},"line":239},"28":{"name":"(anonymous_28)","decl":{"start":{"line":241,"column":19},"end":{"line":241,"column":23}},"loc":{"start":{"line":241,"column":23},"end":{"line":241,"column":48}},"line":241},"29":{"name":"(anonymous_29)","decl":{"start":{"line":246,"column":16},"end":{"line":246,"column":23}},"loc":{"start":{"line":246,"column":84},"end":{"line":256,"column":null}},"line":246},"30":{"name":"(anonymous_30)","decl":{"start":{"line":251,"column":19},"end":{"line":251,"column":23}},"loc":{"start":{"line":251,"column":29},"end":{"line":254,"column":7}},"line":251},"31":{"name":"(anonymous_31)","decl":{"start":{"line":263,"column":19},"end":{"line":263,"column":null}},"loc":{"start":{"line":267,"column":33},"end":{"line":329,"column":null}},"line":267},"32":{"name":"(anonymous_32)","decl":{"start":{"line":279,"column":38},"end":{"line":279,"column":42}},"loc":{"start":{"line":279,"column":48},"end":{"line":285,"column":7}},"line":279},"33":{"name":"(anonymous_33)","decl":{"start":{"line":287,"column":41},"end":{"line":287,"column":49}},"loc":{"start":{"line":287,"column":58},"end":{"line":287,"column":72}},"line":287},"34":{"name":"(anonymous_34)","decl":{"start":{"line":288,"column":34},"end":{"line":288,"column":42}},"loc":{"start":{"line":288,"column":51},"end":{"line":288,"column":67}},"line":288},"35":{"name":"(anonymous_35)","decl":{"start":{"line":289,"column":34},"end":{"line":289,"column":42}},"loc":{"start":{"line":289,"column":51},"end":{"line":289,"column":67}},"line":289},"36":{"name":"(anonymous_36)","decl":{"start":{"line":290,"column":34},"end":{"line":290,"column":42}},"loc":{"start":{"line":290,"column":51},"end":{"line":290,"column":67}},"line":290},"37":{"name":"(anonymous_37)","decl":{"start":{"line":297,"column":34},"end":{"line":297,"column":38}},"loc":{"start":{"line":297,"column":44},"end":{"line":300,"column":7}},"line":297},"38":{"name":"(anonymous_38)","decl":{"start":{"line":307,"column":35},"end":{"line":307,"column":39}},"loc":{"start":{"line":307,"column":45},"end":{"line":310,"column":7}},"line":307},"39":{"name":"(anonymous_39)","decl":{"start":{"line":336,"column":20},"end":{"line":336,"column":null}},"loc":{"start":{"line":340,"column":34},"end":{"line":370,"column":null}},"line":340},"40":{"name":"(anonymous_40)","decl":{"start":{"line":359,"column":34},"end":{"line":359,"column":38}},"loc":{"start":{"line":359,"column":44},"end":{"line":362,"column":7}},"line":359}},"branchMap":{"0":{"loc":{"start":{"line":16,"column":11},"end":{"line":16,"column":null}},"type":"cond-expr","locations":[{"start":{"line":16,"column":19},"end":{"line":16,"column":57}},{"start":{"line":16,"column":80},"end":{"line":16,"column":null}}],"line":16},"1":{"loc":{"start":{"line":45,"column":4},"end":{"line":45,"column":null}},"type":"if","locations":[{"start":{"line":45,"column":4},"end":{"line":45,"column":null}},{"start":{},"end":{}}],"line":45},"2":{"loc":{"start":{"line":46,"column":4},"end":{"line":46,"column":null}},"type":"if","locations":[{"start":{"line":46,"column":4},"end":{"line":46,"column":null}},{"start":{},"end":{}}],"line":46},"3":{"loc":{"start":{"line":47,"column":4},"end":{"line":47,"column":null}},"type":"if","locations":[{"start":{"line":47,"column":4},"end":{"line":47,"column":null}},{"start":{},"end":{}}],"line":47},"4":{"loc":{"start":{"line":101,"column":11},"end":{"line":101,"column":null}},"type":"cond-expr","locations":[{"start":{"line":101,"column":19},"end":{"line":101,"column":57}},{"start":{"line":101,"column":78},"end":{"line":101,"column":null}}],"line":101},"5":{"loc":{"start":{"line":119,"column":36},"end":{"line":119,"column":61}},"type":"binary-expr","locations":[{"start":{"line":119,"column":36},"end":{"line":119,"column":57}},{"start":{"line":119,"column":57},"end":{"line":119,"column":61}}],"line":119},"6":{"loc":{"start":{"line":130,"column":4},"end":{"line":130,"column":null}},"type":"if","locations":[{"start":{"line":130,"column":4},"end":{"line":130,"column":null}},{"start":{},"end":{}}],"line":130},"7":{"loc":{"start":{"line":131,"column":4},"end":{"line":131,"column":null}},"type":"if","locations":[{"start":{"line":131,"column":4},"end":{"line":131,"column":null}},{"start":{},"end":{}}],"line":131},"8":{"loc":{"start":{"line":186,"column":11},"end":{"line":186,"column":null}},"type":"cond-expr","locations":[{"start":{"line":186,"column":19},"end":{"line":186,"column":57}},{"start":{"line":186,"column":75},"end":{"line":186,"column":null}}],"line":186},"9":{"loc":{"start":{"line":194,"column":17},"end":{"line":196,"column":null}},"type":"cond-expr","locations":[{"start":{"line":195,"column":8},"end":{"line":195,"column":null}},{"start":{"line":196,"column":8},"end":{"line":196,"column":null}}],"line":194},"10":{"loc":{"start":{"line":198,"column":4},"end":{"line":198,"column":null}},"type":"if","locations":[{"start":{"line":198,"column":4},"end":{"line":198,"column":null}},{"start":{},"end":{}}],"line":198},"11":{"loc":{"start":{"line":201,"column":4},"end":{"line":201,"column":null}},"type":"if","locations":[{"start":{"line":201,"column":4},"end":{"line":201,"column":null}},{"start":{},"end":{}}],"line":201},"12":{"loc":{"start":{"line":202,"column":4},"end":{"line":204,"column":null}},"type":"if","locations":[{"start":{"line":202,"column":4},"end":{"line":204,"column":null}},{"start":{},"end":{}}],"line":202},"13":{"loc":{"start":{"line":206,"column":4},"end":{"line":206,"column":null}},"type":"if","locations":[{"start":{"line":206,"column":4},"end":{"line":206,"column":null}},{"start":{},"end":{}}],"line":206},"14":{"loc":{"start":{"line":218,"column":11},"end":{"line":218,"column":null}},"type":"cond-expr","locations":[{"start":{"line":218,"column":19},"end":{"line":218,"column":59}},{"start":{"line":218,"column":76},"end":{"line":218,"column":null}}],"line":218},"15":{"loc":{"start":{"line":224,"column":11},"end":{"line":224,"column":null}},"type":"cond-expr","locations":[{"start":{"line":224,"column":19},"end":{"line":224,"column":59}},{"start":{"line":224,"column":62},"end":{"line":224,"column":null}}],"line":224},"16":{"loc":{"start":{"line":265,"column":16},"end":{"line":265,"column":null}},"type":"default-arg","locations":[{"start":{"line":265,"column":27},"end":{"line":265,"column":null}}],"line":265},"17":{"loc":{"start":{"line":314,"column":24},"end":{"line":314,"column":null}},"type":"binary-expr","locations":[{"start":{"line":314,"column":24},"end":{"line":314,"column":49}},{"start":{"line":314,"column":64},"end":{"line":314,"column":null}}],"line":314},"18":{"loc":{"start":{"line":321,"column":25},"end":{"line":321,"column":null}},"type":"cond-expr","locations":[{"start":{"line":321,"column":41},"end":{"line":321,"column":96}},{"start":{"line":321,"column":99},"end":{"line":321,"column":null}}],"line":321},"19":{"loc":{"start":{"line":322,"column":25},"end":{"line":322,"column":null}},"type":"cond-expr","locations":[{"start":{"line":322,"column":41},"end":{"line":322,"column":96}},{"start":{"line":322,"column":99},"end":{"line":322,"column":null}}],"line":322},"20":{"loc":{"start":{"line":323,"column":25},"end":{"line":323,"column":null}},"type":"cond-expr","locations":[{"start":{"line":323,"column":41},"end":{"line":323,"column":96}},{"start":{"line":323,"column":99},"end":{"line":323,"column":null}}],"line":323},"21":{"loc":{"start":{"line":349,"column":28},"end":{"line":349,"column":null}},"type":"binary-expr","locations":[{"start":{"line":349,"column":28},"end":{"line":349,"column":78}},{"start":{"line":349,"column":82},"end":{"line":349,"column":null}}],"line":349}},"s":{"0":1,"1":2,"2":2,"3":2,"4":2,"5":2,"6":1,"7":1,"8":1,"9":1,"10":2,"11":2,"12":2,"13":1,"14":1,"15":2,"16":0,"17":0,"18":2,"19":1,"20":1,"21":2,"22":2,"23":1,"24":1,"25":1,"26":1,"27":1,"28":1,"29":1,"30":1,"31":1,"32":1,"33":1,"34":1,"35":1,"36":2,"37":2,"38":1,"39":1,"40":2,"41":1,"42":2,"43":2,"44":2,"45":2,"46":2,"47":2,"48":1,"49":1,"50":2,"51":1,"52":1,"53":2,"54":2,"55":1,"56":1,"57":1,"58":1,"59":1,"60":1,"61":1,"62":1,"63":1,"64":1,"65":1,"66":1,"67":1,"68":2,"69":2,"70":4,"71":4,"72":4,"73":1,"74":4,"75":4,"76":1,"77":1,"78":4,"79":1,"80":1,"81":4,"82":1,"83":4,"84":4,"85":4,"86":1,"87":1,"88":2,"89":2,"90":2,"91":2,"92":1,"93":1,"94":1,"95":1,"96":1,"97":1,"98":1,"99":1,"100":2,"101":2,"102":1,"103":1,"104":5,"105":5,"106":2,"107":5,"108":2,"109":5,"110":2,"111":5,"112":2,"113":5,"114":2,"115":5,"116":5,"117":1,"118":5,"119":5,"120":0,"121":5,"122":5,"123":5,"124":1,"125":3,"126":3,"127":3,"128":3,"129":1,"130":3},"f":{"0":2,"1":2,"2":2,"3":1,"4":2,"5":1,"6":1,"7":1,"8":1,"9":1,"10":2,"11":1,"12":2,"13":2,"14":2,"15":1,"16":1,"17":1,"18":1,"19":1,"20":2,"21":4,"22":1,"23":2,"24":2,"25":1,"26":1,"27":1,"28":1,"29":2,"30":1,"31":5,"32":2,"33":2,"34":2,"35":2,"36":2,"37":1,"38":0,"39":3,"40":1},"b":{"0":[1,1],"1":[1,1],"2":[0,2],"3":[1,1],"4":[1,1],"5":[2,1],"6":[1,1],"7":[1,1],"8":[1,1],"9":[1,3],"10":[1,3],"11":[1,3],"12":[1,3],"13":[1,3],"14":[1,1],"15":[1,1],"16":[5],"17":[5,1],"18":[1,4],"19":[1,4],"20":[1,4],"21":[3,0]},"meta":{"lastBranch":22,"lastFunction":41,"lastStatement":131,"seen":{"s:13:35:23:Infinity":0,"f:14:16:14:23":0,"s:15:20:15:95":1,"s:16:4:16:Infinity":2,"b:16:19:16:57:16:80:16:Infinity":0,"f:19:17:19:24":1,"s:20:20:20:93":3,"s:21:4:21:Infinity":4,"f:21:19:21:23":2,"s:21:23:21:48":5,"s:25:37:84:Infinity":6,"f:26:22:26:Infinity":3,"s:31:10:31:27":7,"s:32:20:34:23":8,"s:35:4:35:Infinity":9,"f:38:22:38:Infinity":4,"s:43:33:43:35":10,"s:44:44:44:50":11,"b:45:4:45:Infinity:undefined:undefined:undefined:undefined":1,"s:45:4:45:Infinity":12,"s:45:23:45:60":13,"s:45:60:45:Infinity":14,"b:46:4:46:Infinity:undefined:undefined:undefined:undefined":2,"s:46:4:46:Infinity":15,"s:46:23:46:60":16,"s:46:60:46:Infinity":17,"b:47:4:47:Infinity:undefined:undefined:undefined:undefined":3,"s:47:4:47:Infinity":18,"s:47:23:47:60":19,"s:47:60:47:Infinity":20,"s:48:20:49:87":21,"s:50:4:50:Infinity":22,"f:53:22:53:Infinity":5,"s:56:4:56:Infinity":23,"s:57:4:57:Infinity":24,"f:60:23:60:Infinity":6,"s:65:4:68:Infinity":25,"s:69:20:69:99":26,"s:70:4:70:Infinity":27,"f:73:26:73:Infinity":7,"s:78:4:80:Infinity":28,"s:81:20:81:99":29,"s:82:4:82:Infinity":30,"s:86:42:92:Infinity":31,"f:87:12:87:19":8,"s:88:20:89:95":32,"s:90:4:90:Infinity":33,"f:90:19:90:23":9,"s:90:23:90:48":34,"s:98:33:108:Infinity":35,"f:99:14:99:21":10,"s:100:20:100:93":36,"s:101:4:101:Infinity":37,"b:101:19:101:57:101:78:101:Infinity":4,"f:104:15:104:22":11,"s:105:20:105:91":38,"s:106:4:106:Infinity":39,"f:106:19:106:23":12,"s:106:23:106:48":40,"s:110:35:168:Infinity":41,"f:111:20:111:Infinity":13,"s:116:10:116:27":42,"s:117:20:119:62":43,"b:119:36:119:57:119:57:119:61":5,"s:120:4:120:Infinity":44,"f:123:20:123:Infinity":14,"s:128:33:128:35":45,"s:129:44:129:50":46,"b:130:4:130:Infinity:undefined:undefined:undefined:undefined":6,"s:130:4:130:Infinity":47,"s:130:29:130:78":48,"s:130:78:130:Infinity":49,"b:131:4:131:Infinity:undefined:undefined:undefined:undefined":7,"s:131:4:131:Infinity":50,"s:131:29:131:78":51,"s:131:78:131:Infinity":52,"s:132:20:133:85":53,"s:134:4:134:Infinity":54,"f:137:20:137:Infinity":15,"s:140:4:140:Infinity":55,"s:141:4:141:Infinity":56,"f:144:25:144:Infinity":16,"s:149:4:152:Infinity":57,"s:153:20:153:107":58,"s:154:4:154:Infinity":59,"f:157:30:157:Infinity":17,"s:162:4:164:Infinity":60,"s:165:20:165:107":61,"s:166:4:166:Infinity":62,"s:170:40:177:Infinity":63,"f:171:12:171:19":18,"s:172:20:174:24":64,"s:175:4:175:Infinity":65,"f:175:19:175:23":19,"s:175:23:175:48":66,"s:183:30:212:Infinity":67,"f:184:11:184:18":20,"s:185:20:185:90":68,"s:186:4:186:Infinity":69,"b:186:19:186:57:186:75:186:Infinity":8,"f:189:12:189:Infinity":21,"s:194:17:196:Infinity":70,"b:195:8:195:Infinity:196:8:196:Infinity":9,"s:197:44:197:46":71,"b:198:4:198:Infinity:undefined:undefined:undefined:undefined":10,"s:198:4:198:Infinity":72,"s:198:18:198:Infinity":73,"s:200:33:200:35":74,"b:201:4:201:Infinity:undefined:undefined:undefined:undefined":11,"s:201:4:201:Infinity":75,"s:201:21:201:66":76,"s:201:66:201:Infinity":77,"b:202:4:204:Infinity:undefined:undefined:undefined:undefined":12,"s:202:4:204:Infinity":78,"s:203:6:203:Infinity":79,"s:204:6:204:Infinity":80,"b:206:4:206:Infinity:undefined:undefined:undefined:undefined":13,"s:206:4:206:Infinity":81,"s:206:27:206:Infinity":82,"s:207:4:207:Infinity":83,"s:209:20:209:58":84,"s:210:4:210:Infinity":85,"f:210:19:210:23":22,"s:210:23:210:48":86,"s:214:37:232:Infinity":87,"f:215:10:215:17":23,"s:216:20:217:96":88,"s:218:4:218:Infinity":89,"b:218:19:218:59:218:76:218:Infinity":14,"f:221:10:221:17":24,"s:222:20:223:94":90,"s:224:4:224:Infinity":91,"b:224:19:224:59:224:62:224:Infinity":15,"f:227:10:227:17":25,"s:228:20:229:90":92,"s:230:4:230:Infinity":93,"f:230:19:230:23":26,"s:230:23:230:48":94,"s:238:28:243:Infinity":95,"f:239:10:239:17":27,"s:240:20:240:87":96,"s:241:4:241:Infinity":97,"f:241:19:241:23":28,"s:241:23:241:48":98,"s:245:35:256:Infinity":99,"f:246:16:246:23":29,"s:247:20:250:25":100,"s:251:4:254:Infinity":101,"f:251:19:251:23":30,"s:251:29:254:7":102,"s:262:36:329:Infinity":103,"f:263:19:263:Infinity":31,"b:265:27:265:Infinity":16,"s:268:23:277:20":104,"s:279:27:285:7":105,"f:279:38:279:42":32,"s:279:48:285:7":106,"s:287:26:287:74":107,"f:287:41:287:49":33,"s:287:58:287:72":108,"s:288:19:288:69":109,"f:288:34:288:42":34,"s:288:51:288:67":110,"s:289:19:289:69":111,"f:289:34:289:42":35,"s:289:51:289:67":112,"s:290:19:290:69":113,"f:290:34:290:42":36,"s:290:51:290:67":114,"s:292:23:295:20":115,"s:297:23:300:7":116,"f:297:34:297:38":37,"s:297:44:300:7":117,"s:302:25:305:20":118,"s:307:22:310:7":119,"f:307:35:307:39":38,"s:307:45:310:7":120,"s:312:22:313:75":121,"s:314:24:314:Infinity":122,"b:314:24:314:49:314:64:314:Infinity":17,"s:316:4:327:Infinity":123,"b:321:41:321:96:321:99:321:Infinity":18,"b:322:41:322:96:322:99:322:Infinity":19,"b:323:41:323:96:323:99:323:Infinity":20,"s:335:37:370:Infinity":124,"f:336:20:336:Infinity":39,"s:341:25:347:20":125,"s:349:28:349:Infinity":126,"b:349:28:349:78:349:82:349:Infinity":21,"s:351:23:357:20":127,"s:359:23:362:7":128,"f:359:34:359:38":40,"s:359:44:362:7":129,"s:364:4:368:Infinity":130}}}
,"/Users/thomascalhoun/Documents/søk/server/src/resolvers/search.ts": {"path":"/Users/thomascalhoun/Documents/søk/server/src/resolvers/search.ts","statementMap":{"0":{"start":{"line":14,"column":2},"end":{"line":19,"column":null}},"1":{"start":{"line":26,"column":29},"end":{"line":109,"column":null}},"2":{"start":{"line":32,"column":20},"end":{"line":32,"column":89}},"3":{"start":{"line":33,"column":4},"end":{"line":33,"column":null}},"4":{"start":{"line":41,"column":17},"end":{"line":41,"column":null}},"5":{"start":{"line":42,"column":44},"end":{"line":42,"column":46}},"6":{"start":{"line":43,"column":33},"end":{"line":43,"column":35}},"7":{"start":{"line":45,"column":4},"end":{"line":47,"column":null}},"8":{"start":{"line":46,"column":6},"end":{"line":46,"column":null}},"9":{"start":{"line":47,"column":6},"end":{"line":47,"column":null}},"10":{"start":{"line":49,"column":4},"end":{"line":49,"column":null}},"11":{"start":{"line":49,"column":19},"end":{"line":49,"column":60}},"12":{"start":{"line":49,"column":60},"end":{"line":49,"column":null}},"13":{"start":{"line":50,"column":4},"end":{"line":52,"column":null}},"14":{"start":{"line":51,"column":6},"end":{"line":51,"column":null}},"15":{"start":{"line":52,"column":6},"end":{"line":52,"column":null}},"16":{"start":{"line":54,"column":4},"end":{"line":54,"column":null}},"17":{"start":{"line":54,"column":27},"end":{"line":54,"column":null}},"18":{"start":{"line":55,"column":4},"end":{"line":55,"column":null}},"19":{"start":{"line":57,"column":20},"end":{"line":57,"column":58}},"20":{"start":{"line":58,"column":4},"end":{"line":58,"column":null}},"21":{"start":{"line":58,"column":23},"end":{"line":58,"column":48}},"22":{"start":{"line":66,"column":28},"end":{"line":70,"column":14}},"23":{"start":{"line":72,"column":30},"end":{"line":75,"column":14}},"24":{"start":{"line":77,"column":25},"end":{"line":80,"column":null}},"25":{"start":{"line":82,"column":33},"end":{"line":82,"column":35}},"26":{"start":{"line":83,"column":19},"end":{"line":83,"column":null}},"27":{"start":{"line":84,"column":34},"end":{"line":84,"column":null}},"28":{"start":{"line":86,"column":4},"end":{"line":92,"column":null}},"29":{"start":{"line":87,"column":20},"end":{"line":87,"column":45}},"30":{"start":{"line":88,"column":12},"end":{"line":88,"column":48}},"31":{"start":{"line":89,"column":25},"end":{"line":89,"column":40}},"32":{"start":{"line":90,"column":6},"end":{"line":90,"column":null}},"33":{"start":{"line":90,"column":28},"end":{"line":90,"column":null}},"34":{"start":{"line":91,"column":6},"end":{"line":91,"column":null}},"35":{"start":{"line":91,"column":39},"end":{"line":91,"column":null}},"36":{"start":{"line":92,"column":6},"end":{"line":92,"column":null}},"37":{"start":{"line":95,"column":4},"end":{"line":98,"column":null}},"38":{"start":{"line":96,"column":20},"end":{"line":96,"column":45}},"39":{"start":{"line":97,"column":12},"end":{"line":97,"column":50}},"40":{"start":{"line":98,"column":6},"end":{"line":98,"column":null}},"41":{"start":{"line":101,"column":4},"end":{"line":107,"column":null}},"42":{"start":{"line":115,"column":31},"end":{"line":257,"column":null}},"43":{"start":{"line":124,"column":10},"end":{"line":124,"column":27}},"44":{"start":{"line":125,"column":16},"end":{"line":125,"column":40}},"45":{"start":{"line":127,"column":20},"end":{"line":139,"column":6}},"46":{"start":{"line":141,"column":10},"end":{"line":141,"column":48}},"47":{"start":{"line":143,"column":4},"end":{"line":147,"column":null}},"48":{"start":{"line":144,"column":6},"end":{"line":147,"column":null}},"49":{"start":{"line":150,"column":4},"end":{"line":150,"column":null}},"50":{"start":{"line":151,"column":4},"end":{"line":151,"column":null}},"51":{"start":{"line":162,"column":33},"end":{"line":162,"column":35}},"52":{"start":{"line":163,"column":44},"end":{"line":163,"column":null}},"53":{"start":{"line":165,"column":4},"end":{"line":165,"column":null}},"54":{"start":{"line":165,"column":41},"end":{"line":165,"column":92}},"55":{"start":{"line":165,"column":92},"end":{"line":165,"column":null}},"56":{"start":{"line":166,"column":4},"end":{"line":166,"column":null}},"57":{"start":{"line":166,"column":41},"end":{"line":166,"column":92}},"58":{"start":{"line":166,"column":92},"end":{"line":166,"column":null}},"59":{"start":{"line":167,"column":4},"end":{"line":167,"column":null}},"60":{"start":{"line":167,"column":41},"end":{"line":167,"column":92}},"61":{"start":{"line":167,"column":92},"end":{"line":167,"column":null}},"62":{"start":{"line":168,"column":4},"end":{"line":168,"column":null}},"63":{"start":{"line":168,"column":41},"end":{"line":168,"column":92}},"64":{"start":{"line":168,"column":92},"end":{"line":168,"column":null}},"65":{"start":{"line":169,"column":4},"end":{"line":169,"column":null}},"66":{"start":{"line":169,"column":41},"end":{"line":169,"column":92}},"67":{"start":{"line":169,"column":92},"end":{"line":169,"column":null}},"68":{"start":{"line":170,"column":4},"end":{"line":170,"column":null}},"69":{"start":{"line":172,"column":20},"end":{"line":173,"column":81}},"70":{"start":{"line":175,"column":4},"end":{"line":177,"column":null}},"71":{"start":{"line":176,"column":6},"end":{"line":176,"column":null}},"72":{"start":{"line":177,"column":6},"end":{"line":177,"column":null}},"73":{"start":{"line":180,"column":4},"end":{"line":180,"column":null}},"74":{"start":{"line":188,"column":4},"end":{"line":191,"column":null}},"75":{"start":{"line":192,"column":4},"end":{"line":192,"column":null}},"76":{"start":{"line":193,"column":4},"end":{"line":193,"column":null}},"77":{"start":{"line":204,"column":74},"end":{"line":204,"column":null}},"78":{"start":{"line":205,"column":10},"end":{"line":205,"column":27}},"79":{"start":{"line":206,"column":16},"end":{"line":206,"column":40}},"80":{"start":{"line":208,"column":19},"end":{"line":208,"column":41}},"81":{"start":{"line":209,"column":4},"end":{"line":216,"column":null}},"82":{"start":{"line":210,"column":28},"end":{"line":211,"column":75}},"83":{"start":{"line":212,"column":21},"end":{"line":212,"column":38}},"84":{"start":{"line":213,"column":6},"end":{"line":214,"column":null}},"85":{"start":{"line":214,"column":8},"end":{"line":214,"column":null}},"86":{"start":{"line":214,"column":71},"end":{"line":214,"column":null}},"87":{"start":{"line":216,"column":6},"end":{"line":216,"column":null}},"88":{"start":{"line":219,"column":24},"end":{"line":220,"column":66}},"89":{"start":{"line":221,"column":10},"end":{"line":221,"column":48}},"90":{"start":{"line":223,"column":4},"end":{"line":229,"column":null}},"91":{"start":{"line":231,"column":4},"end":{"line":235,"column":null}},"92":{"start":{"line":232,"column":6},"end":{"line":235,"column":null}},"93":{"start":{"line":238,"column":4},"end":{"line":243,"column":null}},"94":{"start":{"line":245,"column":4},"end":{"line":249,"column":null}},"95":{"start":{"line":246,"column":6},"end":{"line":249,"column":null}},"96":{"start":{"line":252,"column":4},"end":{"line":252,"column":null}},"97":{"start":{"line":254,"column":20},"end":{"line":254,"column":89}},"98":{"start":{"line":255,"column":4},"end":{"line":255,"column":null}},"99":{"start":{"line":263,"column":36},"end":{"line":298,"column":null}},"100":{"start":{"line":265,"column":20},"end":{"line":267,"column":24}},"101":{"start":{"line":268,"column":4},"end":{"line":268,"column":null}},"102":{"start":{"line":268,"column":23},"end":{"line":268,"column":48}},"103":{"start":{"line":272,"column":20},"end":{"line":274,"column":24}},"104":{"start":{"line":275,"column":4},"end":{"line":275,"column":null}},"105":{"start":{"line":279,"column":20},"end":{"line":281,"column":24}},"106":{"start":{"line":282,"column":4},"end":{"line":282,"column":null}},"107":{"start":{"line":282,"column":23},"end":{"line":282,"column":48}},"108":{"start":{"line":286,"column":20},"end":{"line":288,"column":24}},"109":{"start":{"line":289,"column":4},"end":{"line":289,"column":null}},"110":{"start":{"line":289,"column":23},"end":{"line":289,"column":48}},"111":{"start":{"line":293,"column":20},"end":{"line":295,"column":24}},"112":{"start":{"line":296,"column":4},"end":{"line":296,"column":null}},"113":{"start":{"line":296,"column":23},"end":{"line":296,"column":48}}},"fnMap":{"0":{"name":"buildMatchEdges","decl":{"start":{"line":13,"column":15},"end":{"line":13,"column":31}},"loc":{"start":{"line":13,"column":100},"end":{"line":19,"column":null}},"line":13},"1":{"name":"(anonymous_1)","decl":{"start":{"line":27,"column":10},"end":{"line":27,"column":null}},"loc":{"start":{"line":31,"column":35},"end":{"line":33,"column":null}},"line":31},"2":{"name":"(anonymous_2)","decl":{"start":{"line":36,"column":12},"end":{"line":36,"column":null}},"loc":{"start":{"line":40,"column":30},"end":{"line":58,"column":null}},"line":40},"3":{"name":"(anonymous_3)","decl":{"start":{"line":58,"column":19},"end":{"line":58,"column":23}},"loc":{"start":{"line":58,"column":23},"end":{"line":58,"column":48}},"line":58},"4":{"name":"(anonymous_4)","decl":{"start":{"line":61,"column":17},"end":{"line":61,"column":null}},"loc":{"start":{"line":65,"column":31},"end":{"line":107,"column":null}},"line":65},"5":{"name":"(anonymous_5)","decl":{"start":{"line":116,"column":16},"end":{"line":116,"column":null}},"loc":{"start":{"line":123,"column":28},"end":{"line":151,"column":null}},"line":123},"6":{"name":"(anonymous_6)","decl":{"start":{"line":154,"column":16},"end":{"line":154,"column":null}},"loc":{"start":{"line":161,"column":28},"end":{"line":180,"column":null}},"line":161},"7":{"name":"(anonymous_7)","decl":{"start":{"line":183,"column":16},"end":{"line":183,"column":null}},"loc":{"start":{"line":187,"column":30},"end":{"line":193,"column":null}},"line":187},"8":{"name":"(anonymous_8)","decl":{"start":{"line":196,"column":14},"end":{"line":196,"column":null}},"loc":{"start":{"line":203,"column":28},"end":{"line":255,"column":null}},"line":203},"9":{"name":"(anonymous_9)","decl":{"start":{"line":264,"column":11},"end":{"line":264,"column":18}},"loc":{"start":{"line":264,"column":84},"end":{"line":268,"column":null}},"line":264},"10":{"name":"(anonymous_10)","decl":{"start":{"line":268,"column":19},"end":{"line":268,"column":23}},"loc":{"start":{"line":268,"column":23},"end":{"line":268,"column":48}},"line":268},"11":{"name":"(anonymous_11)","decl":{"start":{"line":271,"column":14},"end":{"line":271,"column":21}},"loc":{"start":{"line":271,"column":87},"end":{"line":275,"column":null}},"line":271},"12":{"name":"(anonymous_12)","decl":{"start":{"line":278,"column":11},"end":{"line":278,"column":18}},"loc":{"start":{"line":278,"column":84},"end":{"line":282,"column":null}},"line":278},"13":{"name":"(anonymous_13)","decl":{"start":{"line":282,"column":19},"end":{"line":282,"column":23}},"loc":{"start":{"line":282,"column":23},"end":{"line":282,"column":48}},"line":282},"14":{"name":"(anonymous_14)","decl":{"start":{"line":285,"column":15},"end":{"line":285,"column":22}},"loc":{"start":{"line":285,"column":88},"end":{"line":289,"column":null}},"line":285},"15":{"name":"(anonymous_15)","decl":{"start":{"line":289,"column":19},"end":{"line":289,"column":23}},"loc":{"start":{"line":289,"column":23},"end":{"line":289,"column":48}},"line":289},"16":{"name":"(anonymous_16)","decl":{"start":{"line":292,"column":12},"end":{"line":292,"column":19}},"loc":{"start":{"line":292,"column":85},"end":{"line":296,"column":null}},"line":292},"17":{"name":"(anonymous_17)","decl":{"start":{"line":296,"column":19},"end":{"line":296,"column":23}},"loc":{"start":{"line":296,"column":23},"end":{"line":296,"column":48}},"line":296}},"branchMap":{"0":{"loc":{"start":{"line":33,"column":11},"end":{"line":33,"column":null}},"type":"cond-expr","locations":[{"start":{"line":33,"column":19},"end":{"line":33,"column":57}},{"start":{"line":33,"column":74},"end":{"line":33,"column":null}}],"line":33},"1":{"loc":{"start":{"line":45,"column":4},"end":{"line":47,"column":null}},"type":"if","locations":[{"start":{"line":45,"column":4},"end":{"line":47,"column":null}},{"start":{},"end":{}}],"line":45},"2":{"loc":{"start":{"line":49,"column":4},"end":{"line":49,"column":null}},"type":"if","locations":[{"start":{"line":49,"column":4},"end":{"line":49,"column":null}},{"start":{},"end":{}}],"line":49},"3":{"loc":{"start":{"line":50,"column":4},"end":{"line":52,"column":null}},"type":"if","locations":[{"start":{"line":50,"column":4},"end":{"line":52,"column":null}},{"start":{},"end":{}}],"line":50},"4":{"loc":{"start":{"line":54,"column":4},"end":{"line":54,"column":null}},"type":"if","locations":[{"start":{"line":54,"column":4},"end":{"line":54,"column":null}},{"start":{},"end":{}}],"line":54},"5":{"loc":{"start":{"line":90,"column":6},"end":{"line":90,"column":null}},"type":"if","locations":[{"start":{"line":90,"column":6},"end":{"line":90,"column":null}},{"start":{},"end":{}}],"line":90},"6":{"loc":{"start":{"line":91,"column":6},"end":{"line":91,"column":null}},"type":"if","locations":[{"start":{"line":91,"column":6},"end":{"line":91,"column":null}},{"start":{},"end":{}}],"line":91},"7":{"loc":{"start":{"line":91,"column":10},"end":{"line":91,"column":39}},"type":"binary-expr","locations":[{"start":{"line":91,"column":10},"end":{"line":91,"column":24}},{"start":{"line":91,"column":24},"end":{"line":91,"column":39}}],"line":91},"8":{"loc":{"start":{"line":106,"column":19},"end":{"line":106,"column":null}},"type":"binary-expr","locations":[{"start":{"line":106,"column":19},"end":{"line":106,"column":55}},{"start":{"line":106,"column":59},"end":{"line":106,"column":null}}],"line":106},"9":{"loc":{"start":{"line":135,"column":17},"end":{"line":135,"column":null}},"type":"binary-expr","locations":[{"start":{"line":135,"column":17},"end":{"line":135,"column":36}},{"start":{"line":135,"column":36},"end":{"line":135,"column":null}}],"line":135},"10":{"loc":{"start":{"line":136,"column":17},"end":{"line":136,"column":null}},"type":"binary-expr","locations":[{"start":{"line":136,"column":17},"end":{"line":136,"column":36}},{"start":{"line":136,"column":36},"end":{"line":136,"column":null}}],"line":136},"11":{"loc":{"start":{"line":137,"column":17},"end":{"line":137,"column":null}},"type":"binary-expr","locations":[{"start":{"line":137,"column":17},"end":{"line":137,"column":36}},{"start":{"line":137,"column":36},"end":{"line":137,"column":null}}],"line":137},"12":{"loc":{"start":{"line":143,"column":4},"end":{"line":147,"column":null}},"type":"if","locations":[{"start":{"line":143,"column":4},"end":{"line":147,"column":null}},{"start":{},"end":{}}],"line":143},"13":{"loc":{"start":{"line":165,"column":4},"end":{"line":165,"column":null}},"type":"if","locations":[{"start":{"line":165,"column":4},"end":{"line":165,"column":null}},{"start":{},"end":{}}],"line":165},"14":{"loc":{"start":{"line":166,"column":4},"end":{"line":166,"column":null}},"type":"if","locations":[{"start":{"line":166,"column":4},"end":{"line":166,"column":null}},{"start":{},"end":{}}],"line":166},"15":{"loc":{"start":{"line":167,"column":4},"end":{"line":167,"column":null}},"type":"if","locations":[{"start":{"line":167,"column":4},"end":{"line":167,"column":null}},{"start":{},"end":{}}],"line":167},"16":{"loc":{"start":{"line":168,"column":4},"end":{"line":168,"column":null}},"type":"if","locations":[{"start":{"line":168,"column":4},"end":{"line":168,"column":null}},{"start":{},"end":{}}],"line":168},"17":{"loc":{"start":{"line":169,"column":4},"end":{"line":169,"column":null}},"type":"if","locations":[{"start":{"line":169,"column":4},"end":{"line":169,"column":null}},{"start":{},"end":{}}],"line":169},"18":{"loc":{"start":{"line":175,"column":4},"end":{"line":177,"column":null}},"type":"if","locations":[{"start":{"line":175,"column":4},"end":{"line":177,"column":null}},{"start":{},"end":{}}],"line":175},"19":{"loc":{"start":{"line":208,"column":19},"end":{"line":208,"column":41}},"type":"binary-expr","locations":[{"start":{"line":208,"column":19},"end":{"line":208,"column":39}},{"start":{"line":208,"column":39},"end":{"line":208,"column":41}}],"line":208},"20":{"loc":{"start":{"line":209,"column":4},"end":{"line":216,"column":null}},"type":"if","locations":[{"start":{"line":209,"column":4},"end":{"line":216,"column":null}},{"start":{},"end":{}}],"line":209},"21":{"loc":{"start":{"line":229,"column":40},"end":{"line":229,"column":70}},"type":"binary-expr","locations":[{"start":{"line":229,"column":40},"end":{"line":229,"column":56}},{"start":{"line":229,"column":56},"end":{"line":229,"column":70}}],"line":229},"22":{"loc":{"start":{"line":229,"column":79},"end":{"line":229,"column":107}},"type":"binary-expr","locations":[{"start":{"line":229,"column":79},"end":{"line":229,"column":93}},{"start":{"line":229,"column":93},"end":{"line":229,"column":107}}],"line":229},"23":{"loc":{"start":{"line":245,"column":4},"end":{"line":249,"column":null}},"type":"if","locations":[{"start":{"line":245,"column":4},"end":{"line":249,"column":null}},{"start":{},"end":{}}],"line":245},"24":{"loc":{"start":{"line":275,"column":11},"end":{"line":275,"column":null}},"type":"cond-expr","locations":[{"start":{"line":275,"column":19},"end":{"line":275,"column":59}},{"start":{"line":275,"column":62},"end":{"line":275,"column":null}}],"line":275}},"s":{"0":8,"1":1,"2":2,"3":2,"4":6,"5":6,"6":6,"7":6,"8":1,"9":1,"10":6,"11":3,"12":3,"13":6,"14":2,"15":2,"16":6,"17":4,"18":6,"19":6,"20":6,"21":3,"22":4,"23":4,"24":4,"25":4,"26":4,"27":4,"28":4,"29":3,"30":3,"31":3,"32":3,"33":1,"34":3,"35":0,"36":3,"37":4,"38":1,"39":1,"40":1,"41":4,"42":1,"43":4,"44":4,"45":4,"46":4,"47":4,"48":1,"49":4,"50":4,"51":4,"52":4,"53":4,"54":2,"55":2,"56":4,"57":1,"58":1,"59":4,"60":0,"61":0,"62":4,"63":0,"64":0,"65":4,"66":1,"67":1,"68":4,"69":4,"70":4,"71":1,"72":1,"73":4,"74":2,"75":2,"76":2,"77":3,"78":3,"79":3,"80":3,"81":3,"82":2,"83":2,"84":2,"85":3,"86":4,"87":2,"88":3,"89":3,"90":3,"91":3,"92":4,"93":3,"94":3,"95":0,"96":3,"97":3,"98":3,"99":1,"100":2,"101":2,"102":1,"103":2,"104":2,"105":1,"106":1,"107":1,"108":1,"109":1,"110":1,"111":1,"112":1,"113":1},"f":{"0":8,"1":2,"2":6,"3":3,"4":4,"5":4,"6":4,"7":2,"8":3,"9":2,"10":1,"11":2,"12":1,"13":1,"14":1,"15":1,"16":1,"17":1},"b":{"0":[1,1],"1":[1,5],"2":[3,3],"3":[2,4],"4":[4,2],"5":[1,2],"6":[0,3],"7":[3,0],"8":[4,0],"9":[4,4],"10":[4,4],"11":[4,4],"12":[1,3],"13":[2,2],"14":[1,3],"15":[0,4],"16":[0,4],"17":[1,3],"18":[1,3],"19":[3,2],"20":[2,1],"21":[3,0],"22":[3,0],"23":[0,3],"24":[1,1]},"meta":{"lastBranch":25,"lastFunction":18,"lastStatement":114,"seen":{"f:13:15:13:31":0,"s:14:2:19:Infinity":0,"s:26:29:109:Infinity":1,"f:27:10:27:Infinity":1,"s:32:20:32:89":2,"s:33:4:33:Infinity":3,"b:33:19:33:57:33:74:33:Infinity":0,"f:36:12:36:Infinity":2,"s:41:17:41:Infinity":4,"s:42:44:42:46":5,"s:43:33:43:35":6,"b:45:4:47:Infinity:undefined:undefined:undefined:undefined":1,"s:45:4:47:Infinity":7,"s:46:6:46:Infinity":8,"s:47:6:47:Infinity":9,"b:49:4:49:Infinity:undefined:undefined:undefined:undefined":2,"s:49:4:49:Infinity":10,"s:49:19:49:60":11,"s:49:60:49:Infinity":12,"b:50:4:52:Infinity:undefined:undefined:undefined:undefined":3,"s:50:4:52:Infinity":13,"s:51:6:51:Infinity":14,"s:52:6:52:Infinity":15,"b:54:4:54:Infinity:undefined:undefined:undefined:undefined":4,"s:54:4:54:Infinity":16,"s:54:27:54:Infinity":17,"s:55:4:55:Infinity":18,"s:57:20:57:58":19,"s:58:4:58:Infinity":20,"f:58:19:58:23":3,"s:58:23:58:48":21,"f:61:17:61:Infinity":4,"s:66:28:70:14":22,"s:72:30:75:14":23,"s:77:25:80:Infinity":24,"s:82:33:82:35":25,"s:83:19:83:Infinity":26,"s:84:34:84:Infinity":27,"s:86:4:92:Infinity":28,"s:87:20:87:45":29,"s:88:12:88:48":30,"s:89:25:89:40":31,"b:90:6:90:Infinity:undefined:undefined:undefined:undefined":5,"s:90:6:90:Infinity":32,"s:90:28:90:Infinity":33,"b:91:6:91:Infinity:undefined:undefined:undefined:undefined":6,"s:91:6:91:Infinity":34,"b:91:10:91:24:91:24:91:39":7,"s:91:39:91:Infinity":35,"s:92:6:92:Infinity":36,"s:95:4:98:Infinity":37,"s:96:20:96:45":38,"s:97:12:97:50":39,"s:98:6:98:Infinity":40,"s:101:4:107:Infinity":41,"b:106:19:106:55:106:59:106:Infinity":8,"s:115:31:257:Infinity":42,"f:116:16:116:Infinity":5,"s:124:10:124:27":43,"s:125:16:125:40":44,"s:127:20:139:6":45,"b:135:17:135:36:135:36:135:Infinity":9,"b:136:17:136:36:136:36:136:Infinity":10,"b:137:17:137:36:137:36:137:Infinity":11,"s:141:10:141:48":46,"b:143:4:147:Infinity:undefined:undefined:undefined:undefined":12,"s:143:4:147:Infinity":47,"s:144:6:147:Infinity":48,"s:150:4:150:Infinity":49,"s:151:4:151:Infinity":50,"f:154:16:154:Infinity":6,"s:162:33:162:35":51,"s:163:44:163:Infinity":52,"b:165:4:165:Infinity:undefined:undefined:undefined:undefined":13,"s:165:4:165:Infinity":53,"s:165:41:165:92":54,"s:165:92:165:Infinity":55,"b:166:4:166:Infinity:undefined:undefined:undefined:undefined":14,"s:166:4:166:Infinity":56,"s:166:41:166:92":57,"s:166:92:166:Infinity":58,"b:167:4:167:Infinity:undefined:undefined:undefined:undefined":15,"s:167:4:167:Infinity":59,"s:167:41:167:92":60,"s:167:92:167:Infinity":61,"b:168:4:168:Infinity:undefined:undefined:undefined:undefined":16,"s:168:4:168:Infinity":62,"s:168:41:168:92":63,"s:168:92:168:Infinity":64,"b:169:4:169:Infinity:undefined:undefined:undefined:undefined":17,"s:169:4:169:Infinity":65,"s:169:41:169:92":66,"s:169:92:169:Infinity":67,"s:170:4:170:Infinity":68,"s:172:20:173:81":69,"b:175:4:177:Infinity:undefined:undefined:undefined:undefined":18,"s:175:4:177:Infinity":70,"s:176:6:176:Infinity":71,"s:177:6:177:Infinity":72,"s:180:4:180:Infinity":73,"f:183:16:183:Infinity":7,"s:188:4:191:Infinity":74,"s:192:4:192:Infinity":75,"s:193:4:193:Infinity":76,"f:196:14:196:Infinity":8,"s:204:74:204:Infinity":77,"s:205:10:205:27":78,"s:206:16:206:40":79,"s:208:19:208:41":80,"b:208:19:208:39:208:39:208:41":19,"b:209:4:216:Infinity:undefined:undefined:undefined:undefined":20,"s:209:4:216:Infinity":81,"s:210:28:211:75":82,"s:212:21:212:38":83,"s:213:6:214:Infinity":84,"s:214:8:214:Infinity":85,"s:214:71:214:Infinity":86,"s:216:6:216:Infinity":87,"s:219:24:220:66":88,"s:221:10:221:48":89,"s:223:4:229:Infinity":90,"b:229:40:229:56:229:56:229:70":21,"b:229:79:229:93:229:93:229:107":22,"s:231:4:235:Infinity":91,"s:232:6:235:Infinity":92,"s:238:4:243:Infinity":93,"b:245:4:249:Infinity:undefined:undefined:undefined:undefined":23,"s:245:4:249:Infinity":94,"s:246:6:249:Infinity":95,"s:252:4:252:Infinity":96,"s:254:20:254:89":97,"s:255:4:255:Infinity":98,"s:263:36:298:Infinity":99,"f:264:11:264:18":9,"s:265:20:267:24":100,"s:268:4:268:Infinity":101,"f:268:19:268:23":10,"s:268:23:268:48":102,"f:271:14:271:21":11,"s:272:20:274:24":103,"s:275:4:275:Infinity":104,"b:275:19:275:59:275:62:275:Infinity":24,"f:278:11:278:18":12,"s:279:20:281:24":105,"s:282:4:282:Infinity":106,"f:282:19:282:23":13,"s:282:23:282:48":107,"f:285:15:285:22":14,"s:286:20:288:24":108,"s:289:4:289:Infinity":109,"f:289:19:289:23":15,"s:289:23:289:48":110,"f:292:12:292:19":16,"s:293:20:295:24":111,"s:296:4:296:Infinity":112,"f:296:19:296:23":17,"s:296:23:296:48":113}}}
}
