{"/Users/thomascalhoun/Documents/søk/client/src/pages/CollectionManagement.tsx": {"path":"/Users/thomascalhoun/Documents/søk/client/src/pages/CollectionManagement.tsx","statementMap":{"0":{"start":{"line":18,"column":22},"end":{"line":18,"column":69}},"1":{"start":{"line":19,"column":22},"end":{"line":19,"column":52}},"2":{"start":{"line":20,"column":24},"end":{"line":20,"column":56}},"3":{"start":{"line":21,"column":21},"end":{"line":21,"column":50}},"4":{"start":{"line":22,"column":21},"end":{"line":22,"column":53}},"5":{"start":{"line":24,"column":34},"end":{"line":24,"column":74}},"6":{"start":{"line":25,"column":16},"end":{"line":25,"column":53}},"7":{"start":{"line":27,"column":36},"end":{"line":27,"column":62}},"8":{"start":{"line":28,"column":32},"end":{"line":28,"column":58}},"9":{"start":{"line":29,"column":27},"end":{"line":29,"column":null}},"10":{"start":{"line":31,"column":9},"end":{"line":38,"column":4}},"11":{"start":{"line":34,"column":6},"end":{"line":34,"column":null}},"12":{"start":{"line":35,"column":6},"end":{"line":35,"column":null}},"13":{"start":{"line":36,"column":6},"end":{"line":36,"column":null}},"14":{"start":{"line":40,"column":9},"end":{"line":42,"column":4}},"15":{"start":{"line":44,"column":9},"end":{"line":46,"column":4}},"16":{"start":{"line":49,"column":4},"end":{"line":49,"column":null}},"17":{"start":{"line":49,"column":52},"end":{"line":49,"column":null}},"18":{"start":{"line":50,"column":18},"end":{"line":52,"column":null}},"19":{"start":{"line":51,"column":6},"end":{"line":52,"column":64}},"20":{"start":{"line":54,"column":4},"end":{"line":56,"column":null}},"21":{"start":{"line":55,"column":6},"end":{"line":55,"column":null}},"22":{"start":{"line":56,"column":6},"end":{"line":56,"column":null}},"23":{"start":{"line":61,"column":4},"end":{"line":61,"column":null}},"24":{"start":{"line":64,"column":2},"end":{"line":162,"column":null}},"25":{"start":{"line":75,"column":30},"end":{"line":75,"column":49}},"26":{"start":{"line":78,"column":10},"end":{"line":79,"column":null}},"27":{"start":{"line":79,"column":12},"end":{"line":79,"column":null}},"28":{"start":{"line":82,"column":32},"end":{"line":82,"column":54}},"29":{"start":{"line":82,"column":54},"end":{"line":82,"column":null}},"30":{"start":{"line":104,"column":31},"end":{"line":104,"column":63}},"31":{"start":{"line":105,"column":34},"end":{"line":105,"column":null}},"32":{"start":{"line":105,"column":57},"end":{"line":105,"column":null}},"33":{"start":{"line":117,"column":16},"end":{"line":122,"column":null}},"34":{"start":{"line":126,"column":31},"end":{"line":126,"column":52}},"35":{"start":{"line":149,"column":35},"end":{"line":149,"column":54}}},"fnMap":{"0":{"name":"CollectionManagement","decl":{"start":{"line":17,"column":16},"end":{"line":17,"column":39}},"loc":{"start":{"line":17,"column":39},"end":{"line":162,"column":null}},"line":17},"1":{"name":"(anonymous_1)","decl":{"start":{"line":33,"column":4},"end":{"line":33,"column":17}},"loc":{"start":{"line":33,"column":22},"end":{"line":36,"column":null}},"line":33},"2":{"name":"handleQuickAdd","decl":{"start":{"line":48,"column":11},"end":{"line":48,"column":28}},"loc":{"start":{"line":48,"column":28},"end":{"line":56,"column":null}},"line":48},"3":{"name":"(anonymous_3)","decl":{"start":{"line":50,"column":30},"end":{"line":50,"column":35}},"loc":{"start":{"line":51,"column":6},"end":{"line":52,"column":64}},"line":51},"4":{"name":"handleRemoveSearch","decl":{"start":{"line":60,"column":11},"end":{"line":60,"column":30}},"loc":{"start":{"line":60,"column":70},"end":{"line":61,"column":null}},"line":60},"5":{"name":"(anonymous_5)","decl":{"start":{"line":75,"column":8},"end":{"line":75,"column":30}},"loc":{"start":{"line":75,"column":30},"end":{"line":75,"column":49}},"line":75},"6":{"name":"(anonymous_6)","decl":{"start":{"line":77,"column":8},"end":{"line":77,"column":30}},"loc":{"start":{"line":77,"column":30},"end":{"line":79,"column":null}},"line":77},"7":{"name":"(anonymous_7)","decl":{"start":{"line":82,"column":8},"end":{"line":82,"column":30}},"loc":{"start":{"line":82,"column":30},"end":{"line":82,"column":null}},"line":82},"8":{"name":"(anonymous_8)","decl":{"start":{"line":104,"column":16},"end":{"line":104,"column":26}},"loc":{"start":{"line":104,"column":31},"end":{"line":104,"column":63}},"line":104},"9":{"name":"(anonymous_9)","decl":{"start":{"line":105,"column":16},"end":{"line":105,"column":27}},"loc":{"start":{"line":105,"column":32},"end":{"line":105,"column":null}},"line":105},"10":{"name":"(anonymous_10)","decl":{"start":{"line":116,"column":42},"end":{"line":116,"column":47}},"loc":{"start":{"line":117,"column":16},"end":{"line":122,"column":null}},"line":117},"11":{"name":"(anonymous_11)","decl":{"start":{"line":126,"column":16},"end":{"line":126,"column":31}},"loc":{"start":{"line":126,"column":31},"end":{"line":126,"column":52}},"line":126},"12":{"name":"(anonymous_12)","decl":{"start":{"line":149,"column":20},"end":{"line":149,"column":35}},"loc":{"start":{"line":149,"column":35},"end":{"line":149,"column":54}},"line":149}},"branchMap":{"0":{"loc":{"start":{"line":27,"column":36},"end":{"line":27,"column":62}},"type":"binary-expr","locations":[{"start":{"line":27,"column":36},"end":{"line":27,"column":60}},{"start":{"line":27,"column":60},"end":{"line":27,"column":62}}],"line":27},"1":{"loc":{"start":{"line":28,"column":32},"end":{"line":28,"column":58}},"type":"binary-expr","locations":[{"start":{"line":28,"column":32},"end":{"line":28,"column":56}},{"start":{"line":28,"column":56},"end":{"line":28,"column":58}}],"line":28},"2":{"loc":{"start":{"line":29,"column":27},"end":{"line":29,"column":null}},"type":"binary-expr","locations":[{"start":{"line":29,"column":27},"end":{"line":29,"column":70}},{"start":{"line":29,"column":74},"end":{"line":29,"column":92}},{"start":{"line":29,"column":92},"end":{"line":29,"column":null}}],"line":29},"3":{"loc":{"start":{"line":49,"column":4},"end":{"line":49,"column":null}},"type":"if","locations":[{"start":{"line":49,"column":4},"end":{"line":49,"column":null}},{"start":{},"end":{}}],"line":49},"4":{"loc":{"start":{"line":49,"column":8},"end":{"line":49,"column":52}},"type":"binary-expr","locations":[{"start":{"line":49,"column":8},"end":{"line":49,"column":29}},{"start":{"line":49,"column":33},"end":{"line":49,"column":52}}],"line":49},"5":{"loc":{"start":{"line":51,"column":6},"end":{"line":52,"column":64}},"type":"binary-expr","locations":[{"start":{"line":51,"column":6},"end":{"line":51,"column":35}},{"start":{"line":52,"column":6},"end":{"line":52,"column":64}}],"line":51},"6":{"loc":{"start":{"line":54,"column":4},"end":{"line":56,"column":null}},"type":"if","locations":[{"start":{"line":54,"column":4},"end":{"line":56,"column":null}},{"start":{},"end":{}}],"line":54},"7":{"loc":{"start":{"line":68,"column":28},"end":{"line":68,"column":null}},"type":"binary-expr","locations":[{"start":{"line":68,"column":28},"end":{"line":68,"column":52}},{"start":{"line":68,"column":52},"end":{"line":68,"column":null}}],"line":68},"8":{"loc":{"start":{"line":78,"column":10},"end":{"line":79,"column":null}},"type":"if","locations":[{"start":{"line":78,"column":10},"end":{"line":79,"column":null}},{"start":{},"end":{}}],"line":78},"9":{"loc":{"start":{"line":85,"column":7},"end":{"line":153,"column":null}},"type":"cond-expr","locations":[{"start":{"line":86,"column":8},"end":{"line":146,"column":9}},{"start":{"line":146,"column":8},"end":{"line":153,"column":null}}],"line":85},"10":{"loc":{"start":{"line":105,"column":34},"end":{"line":105,"column":null}},"type":"if","locations":[{"start":{"line":105,"column":34},"end":{"line":105,"column":null}},{"start":{},"end":{}}],"line":105}},"s":{"0":74,"1":74,"2":74,"3":74,"4":74,"5":74,"6":74,"7":74,"8":74,"9":74,"10":74,"11":0,"12":0,"13":0,"14":74,"15":74,"16":3,"17":0,"18":3,"19":3,"20":3,"21":2,"22":2,"23":1,"24":74,"25":2,"26":1,"27":1,"28":0,"29":0,"30":42,"31":43,"32":1,"33":53,"34":0,"35":0},"f":{"0":74,"1":0,"2":3,"3":3,"4":1,"5":2,"6":1,"7":0,"8":42,"9":43,"10":53,"11":0,"12":0},"b":{"0":[74,1],"1":[74,1],"2":[74,74,21],"3":[0,3],"4":[3,3],"5":[3,3],"6":[2,1],"7":[74,21],"8":[1,0],"9":[53,21],"10":[1,42]},"meta":{"lastBranch":11,"lastFunction":13,"lastStatement":36,"seen":{"f:17:16:17:39":0,"s:18:22:18:69":0,"s:19:22:19:52":1,"s:20:24:20:56":2,"s:21:21:21:50":3,"s:22:21:22:53":4,"s:24:34:24:74":5,"s:25:16:25:53":6,"s:27:36:27:62":7,"b:27:36:27:60:27:60:27:62":0,"s:28:32:28:58":8,"b:28:32:28:56:28:56:28:58":1,"s:29:27:29:Infinity":9,"b:29:27:29:70:29:74:29:92:29:92:29:Infinity":2,"s:31:9:38:4":10,"f:33:4:33:17":1,"s:34:6:34:Infinity":11,"s:35:6:35:Infinity":12,"s:36:6:36:Infinity":13,"s:40:9:42:4":14,"s:44:9:46:4":15,"f:48:11:48:28":2,"b:49:4:49:Infinity:undefined:undefined:undefined:undefined":3,"s:49:4:49:Infinity":16,"b:49:8:49:29:49:33:49:52":4,"s:49:52:49:Infinity":17,"s:50:18:52:Infinity":18,"f:50:30:50:35":3,"s:51:6:52:64":19,"b:51:6:51:35:52:6:52:64":5,"b:54:4:56:Infinity:undefined:undefined:undefined:undefined":6,"s:54:4:56:Infinity":20,"s:55:6:55:Infinity":21,"s:56:6:56:Infinity":22,"f:60:11:60:30":4,"s:61:4:61:Infinity":23,"s:64:2:162:Infinity":24,"b:68:28:68:52:68:52:68:Infinity":7,"f:75:8:75:30":5,"s:75:30:75:49":25,"f:77:8:77:30":6,"b:78:10:79:Infinity:undefined:undefined:undefined:undefined":8,"s:78:10:79:Infinity":26,"s:79:12:79:Infinity":27,"f:82:8:82:30":7,"s:82:32:82:54":28,"s:82:54:82:Infinity":29,"b:86:8:146:9:146:8:153:Infinity":9,"f:104:16:104:26":8,"s:104:31:104:63":30,"f:105:16:105:27":9,"b:105:34:105:Infinity:undefined:undefined:undefined:undefined":10,"s:105:34:105:Infinity":31,"s:105:57:105:Infinity":32,"f:116:42:116:47":10,"s:117:16:122:Infinity":33,"f:126:16:126:31":11,"s:126:31:126:52":34,"f:149:20:149:35":12,"s:149:35:149:54":35}}}
,"/Users/thomascalhoun/Documents/søk/client/src/pages/FilterPresetLibrary.tsx": {"path":"/Users/thomascalhoun/Documents/søk/client/src/pages/FilterPresetLibrary.tsx","statementMap":{"0":{"start":{"line":10,"column":43},"end":{"line":16,"column":null}},"1":{"start":{"line":18,"column":44},"end":{"line":24,"column":null}},"2":{"start":{"line":27,"column":25},"end":{"line":27,"column":63}},"3":{"start":{"line":28,"column":20},"end":{"line":28,"column":51}},"4":{"start":{"line":29,"column":18},"end":{"line":29,"column":67}},"5":{"start":{"line":31,"column":34},"end":{"line":31,"column":59}},"6":{"start":{"line":32,"column":17},"end":{"line":32,"column":99}},"7":{"start":{"line":32,"column":39},"end":{"line":32,"column":99}},"8":{"start":{"line":34,"column":26},"end":{"line":34,"column":44}},"9":{"start":{"line":34,"column":44},"end":{"line":34,"column":null}},"10":{"start":{"line":35,"column":39},"end":{"line":35,"column":54}},"11":{"start":{"line":35,"column":54},"end":{"line":35,"column":null}},"12":{"start":{"line":37,"column":30},"end":{"line":37,"column":null}},"13":{"start":{"line":39,"column":2},"end":{"line":166,"column":null}},"14":{"start":{"line":64,"column":53},"end":{"line":64,"column":null}},"15":{"start":{"line":101,"column":47},"end":{"line":101,"column":65}},"16":{"start":{"line":117,"column":16},"end":{"line":140,"column":null}},"17":{"start":{"line":163,"column":23},"end":{"line":163,"column":42}}},"fnMap":{"0":{"name":"FilterPresetLibrary","decl":{"start":{"line":26,"column":16},"end":{"line":26,"column":38}},"loc":{"start":{"line":26,"column":38},"end":{"line":166,"column":null}},"line":26},"1":{"name":"(anonymous_1)","decl":{"start":{"line":32,"column":30},"end":{"line":32,"column":36}},"loc":{"start":{"line":32,"column":39},"end":{"line":32,"column":99}},"line":32},"2":{"name":"openCreate","decl":{"start":{"line":34,"column":11},"end":{"line":34,"column":24}},"loc":{"start":{"line":34,"column":24},"end":{"line":34,"column":null}},"line":34},"3":{"name":"openEdit","decl":{"start":{"line":35,"column":11},"end":{"line":35,"column":20}},"loc":{"start":{"line":35,"column":37},"end":{"line":35,"column":null}},"line":35},"4":{"name":"(anonymous_4)","decl":{"start":{"line":64,"column":39},"end":{"line":64,"column":44}},"loc":{"start":{"line":64,"column":53},"end":{"line":64,"column":null}},"line":64},"5":{"name":"(anonymous_5)","decl":{"start":{"line":101,"column":32},"end":{"line":101,"column":47}},"loc":{"start":{"line":101,"column":47},"end":{"line":101,"column":65}},"line":101},"6":{"name":"(anonymous_6)","decl":{"start":{"line":116,"column":20},"end":{"line":116,"column":24}},"loc":{"start":{"line":117,"column":16},"end":{"line":140,"column":null}},"line":117},"7":{"name":"(anonymous_7)","decl":{"start":{"line":163,"column":8},"end":{"line":163,"column":23}},"loc":{"start":{"line":163,"column":23},"end":{"line":163,"column":42}},"line":163}},"branchMap":{"0":{"loc":{"start":{"line":31,"column":34},"end":{"line":31,"column":59}},"type":"binary-expr","locations":[{"start":{"line":31,"column":34},"end":{"line":31,"column":57}},{"start":{"line":31,"column":57},"end":{"line":31,"column":59}}],"line":31},"1":{"loc":{"start":{"line":32,"column":46},"end":{"line":32,"column":74}},"type":"binary-expr","locations":[{"start":{"line":32,"column":46},"end":{"line":32,"column":68}},{"start":{"line":32,"column":68},"end":{"line":32,"column":74}}],"line":32},"2":{"loc":{"start":{"line":32,"column":74},"end":{"line":32,"column":99}},"type":"binary-expr","locations":[{"start":{"line":32,"column":74},"end":{"line":32,"column":96}},{"start":{"line":32,"column":96},"end":{"line":32,"column":99}}],"line":32},"3":{"loc":{"start":{"line":58,"column":9},"end":{"line":153,"column":null}},"type":"cond-expr","locations":[{"start":{"line":59,"column":10},"end":{"line":62,"column":null}},{"start":{"line":62,"column":12},"end":{"line":153,"column":null}}],"line":58},"4":{"loc":{"start":{"line":62,"column":12},"end":{"line":153,"column":null}},"type":"cond-expr","locations":[{"start":{"line":63,"column":10},"end":{"line":67,"column":11}},{"start":{"line":67,"column":10},"end":{"line":153,"column":null}}],"line":62},"5":{"loc":{"start":{"line":69,"column":13},"end":{"line":115,"column":13}},"type":"binary-expr","locations":[{"start":{"line":69,"column":13},"end":{"line":69,"column":null}},{"start":{"line":70,"column":14},"end":{"line":115,"column":13}}],"line":69},"6":{"loc":{"start":{"line":81,"column":23},"end":{"line":81,"column":null}},"type":"binary-expr","locations":[{"start":{"line":81,"column":23},"end":{"line":81,"column":58}},{"start":{"line":81,"column":58},"end":{"line":81,"column":null}}],"line":81},"7":{"loc":{"start":{"line":82,"column":23},"end":{"line":82,"column":null}},"type":"binary-expr","locations":[{"start":{"line":82,"column":23},"end":{"line":82,"column":58}},{"start":{"line":82,"column":58},"end":{"line":82,"column":null}}],"line":82},"8":{"loc":{"start":{"line":83,"column":23},"end":{"line":83,"column":null}},"type":"binary-expr","locations":[{"start":{"line":83,"column":23},"end":{"line":83,"column":58}},{"start":{"line":83,"column":58},"end":{"line":83,"column":null}}],"line":83},"9":{"loc":{"start":{"line":84,"column":23},"end":{"line":84,"column":null}},"type":"binary-expr","locations":[{"start":{"line":84,"column":23},"end":{"line":84,"column":58}},{"start":{"line":84,"column":58},"end":{"line":84,"column":null}}],"line":84},"10":{"loc":{"start":{"line":85,"column":23},"end":{"line":85,"column":null}},"type":"binary-expr","locations":[{"start":{"line":85,"column":23},"end":{"line":85,"column":58}},{"start":{"line":85,"column":58},"end":{"line":85,"column":null}}],"line":85},"11":{"loc":{"start":{"line":92,"column":29},"end":{"line":92,"column":60}},"type":"binary-expr","locations":[{"start":{"line":92,"column":29},"end":{"line":92,"column":58}},{"start":{"line":92,"column":58},"end":{"line":92,"column":60}}],"line":92},"12":{"loc":{"start":{"line":128,"column":21},"end":{"line":128,"column":null}},"type":"binary-expr","locations":[{"start":{"line":128,"column":21},"end":{"line":128,"column":53}},{"start":{"line":128,"column":53},"end":{"line":128,"column":null}}],"line":128},"13":{"loc":{"start":{"line":129,"column":21},"end":{"line":129,"column":null}},"type":"binary-expr","locations":[{"start":{"line":129,"column":21},"end":{"line":129,"column":53}},{"start":{"line":129,"column":53},"end":{"line":129,"column":null}}],"line":129},"14":{"loc":{"start":{"line":130,"column":21},"end":{"line":130,"column":null}},"type":"binary-expr","locations":[{"start":{"line":130,"column":21},"end":{"line":130,"column":53}},{"start":{"line":130,"column":53},"end":{"line":130,"column":null}}],"line":130},"15":{"loc":{"start":{"line":131,"column":21},"end":{"line":131,"column":null}},"type":"binary-expr","locations":[{"start":{"line":131,"column":21},"end":{"line":131,"column":53}},{"start":{"line":131,"column":53},"end":{"line":131,"column":null}}],"line":131},"16":{"loc":{"start":{"line":132,"column":21},"end":{"line":132,"column":null}},"type":"binary-expr","locations":[{"start":{"line":132,"column":21},"end":{"line":132,"column":53}},{"start":{"line":132,"column":53},"end":{"line":132,"column":null}}],"line":132},"17":{"loc":{"start":{"line":136,"column":23},"end":{"line":136,"column":52}},"type":"binary-expr","locations":[{"start":{"line":136,"column":23},"end":{"line":136,"column":50}},{"start":{"line":136,"column":50},"end":{"line":136,"column":52}}],"line":136}},"s":{"0":1,"1":1,"2":17,"3":17,"4":17,"5":17,"6":17,"7":2,"8":3,"9":3,"10":0,"11":0,"12":17,"13":17,"14":12,"15":0,"16":2,"17":1},"f":{"0":17,"1":2,"2":3,"3":0,"4":12,"5":0,"6":2,"7":1},"b":{"0":[17,3],"1":[2,0],"2":[2,0],"3":[1,16],"4":[2,14],"5":[14,11],"6":[11,11],"7":[11,0],"8":[11,0],"9":[11,0],"10":[11,0],"11":[11,0],"12":[2,2],"13":[2,0],"14":[2,0],"15":[2,0],"16":[2,0],"17":[2,0]},"meta":{"lastBranch":18,"lastFunction":8,"lastStatement":18,"seen":{"s:10:43:16:Infinity":0,"s:18:44:24:Infinity":1,"f:26:16:26:38":0,"s:27:25:27:63":2,"s:28:20:28:51":3,"s:29:18:29:67":4,"s:31:34:31:59":5,"b:31:34:31:57:31:57:31:59":0,"s:32:17:32:99":6,"f:32:30:32:36":1,"s:32:39:32:99":7,"b:32:46:32:68:32:68:32:74":1,"b:32:74:32:96:32:96:32:99":2,"f:34:11:34:24":2,"s:34:26:34:44":8,"s:34:44:34:Infinity":9,"f:35:11:35:20":3,"s:35:39:35:54":10,"s:35:54:35:Infinity":11,"s:37:30:37:Infinity":12,"s:39:2:166:Infinity":13,"b:59:10:62:Infinity:62:12:153:Infinity":3,"b:63:10:67:11:67:10:153:Infinity":4,"f:64:39:64:44":4,"s:64:53:64:Infinity":14,"b:69:13:69:Infinity:70:14:115:13":5,"b:81:23:81:58:81:58:81:Infinity":6,"b:82:23:82:58:82:58:82:Infinity":7,"b:83:23:83:58:83:58:83:Infinity":8,"b:84:23:84:58:84:58:84:Infinity":9,"b:85:23:85:58:85:58:85:Infinity":10,"b:92:29:92:58:92:58:92:60":11,"f:101:32:101:47":5,"s:101:47:101:65":15,"f:116:20:116:24":6,"s:117:16:140:Infinity":16,"b:128:21:128:53:128:53:128:Infinity":12,"b:129:21:129:53:129:53:129:Infinity":13,"b:130:21:130:53:130:53:130:Infinity":14,"b:131:21:131:53:131:53:131:Infinity":15,"b:132:21:132:53:132:53:132:Infinity":16,"b:136:23:136:50:136:50:136:52":17,"f:163:8:163:23":7,"s:163:23:163:42":17}}}
,"/Users/thomascalhoun/Documents/søk/client/src/pages/LineageExplorer.tsx": {"path":"/Users/thomascalhoun/Documents/søk/client/src/pages/LineageExplorer.tsx","statementMap":{"0":{"start":{"line":12,"column":10},"end":{"line":12,"column":44}},"1":{"start":{"line":13,"column":16},"end":{"line":13,"column":79}},"2":{"start":{"line":14,"column":19},"end":{"line":14,"column":68}},"3":{"start":{"line":16,"column":18},"end":{"line":16,"column":null}},"4":{"start":{"line":19,"column":18},"end":{"line":19,"column":50}},"5":{"start":{"line":20,"column":2},"end":{"line":24,"column":null}},"6":{"start":{"line":21,"column":14},"end":{"line":21,"column":31}},"7":{"start":{"line":22,"column":4},"end":{"line":22,"column":null}},"8":{"start":{"line":22,"column":25},"end":{"line":22,"column":null}},"9":{"start":{"line":23,"column":4},"end":{"line":23,"column":null}},"10":{"start":{"line":25,"column":17},"end":{"line":25,"column":58}},"11":{"start":{"line":25,"column":52},"end":{"line":25,"column":58}},"12":{"start":{"line":27,"column":2},"end":{"line":73,"column":null}},"13":{"start":{"line":41,"column":53},"end":{"line":41,"column":null}},"14":{"start":{"line":46,"column":28},"end":{"line":46,"column":52}},"15":{"start":{"line":47,"column":14},"end":{"line":64,"column":null}},"16":{"start":{"line":51,"column":22},"end":{"line":60,"column":null}}},"fnMap":{"0":{"name":"LineageExplorer","decl":{"start":{"line":11,"column":16},"end":{"line":11,"column":34}},"loc":{"start":{"line":11,"column":34},"end":{"line":73,"column":null}},"line":11},"1":{"name":"(anonymous_1)","decl":{"start":{"line":20,"column":18},"end":{"line":20,"column":27}},"loc":{"start":{"line":20,"column":46},"end":{"line":24,"column":null}},"line":20},"2":{"name":"(anonymous_2)","decl":{"start":{"line":25,"column":37},"end":{"line":25,"column":43}},"loc":{"start":{"line":25,"column":52},"end":{"line":25,"column":58}},"line":25},"3":{"name":"(anonymous_3)","decl":{"start":{"line":41,"column":39},"end":{"line":41,"column":44}},"loc":{"start":{"line":41,"column":53},"end":{"line":41,"column":null}},"line":41},"4":{"name":"(anonymous_4)","decl":{"start":{"line":45,"column":20},"end":{"line":45,"column":25}},"loc":{"start":{"line":45,"column":39},"end":{"line":64,"column":null}},"line":45},"5":{"name":"(anonymous_5)","decl":{"start":{"line":50,"column":27},"end":{"line":50,"column":32}},"loc":{"start":{"line":51,"column":22},"end":{"line":60,"column":null}},"line":51}},"branchMap":{"0":{"loc":{"start":{"line":22,"column":4},"end":{"line":22,"column":null}},"type":"if","locations":[{"start":{"line":22,"column":4},"end":{"line":22,"column":null}},{"start":{},"end":{}}],"line":22},"1":{"loc":{"start":{"line":39,"column":9},"end":{"line":67,"column":null}},"type":"cond-expr","locations":[{"start":{"line":40,"column":10},"end":{"line":44,"column":11}},{"start":{"line":44,"column":10},"end":{"line":67,"column":null}}],"line":39},"2":{"loc":{"start":{"line":46,"column":28},"end":{"line":46,"column":52}},"type":"binary-expr","locations":[{"start":{"line":46,"column":28},"end":{"line":46,"column":46}},{"start":{"line":46,"column":50},"end":{"line":46,"column":52}}],"line":46},"3":{"loc":{"start":{"line":63,"column":19},"end":{"line":64,"column":null}},"type":"binary-expr","locations":[{"start":{"line":63,"column":19},"end":{"line":63,"column":45}},{"start":{"line":63,"column":45},"end":{"line":64,"column":null}}],"line":63},"4":{"loc":{"start":{"line":70,"column":9},"end":{"line":70,"column":null}},"type":"binary-expr","locations":[{"start":{"line":70,"column":9},"end":{"line":70,"column":20}},{"start":{"line":70,"column":20},"end":{"line":70,"column":null}}],"line":70},"5":{"loc":{"start":{"line":73,"column":7},"end":{"line":73,"column":null}},"type":"binary-expr","locations":[{"start":{"line":73,"column":7},"end":{"line":73,"column":19}},{"start":{"line":73,"column":19},"end":{"line":73,"column":null}}],"line":73}},"s":{"0":19,"1":19,"2":19,"3":19,"4":19,"5":19,"6":28,"7":28,"8":28,"9":28,"10":19,"11":14,"12":19,"13":6,"14":28,"15":28,"16":28},"f":{"0":19,"1":28,"2":14,"3":6,"4":28,"5":28},"b":{"0":[28,0],"1":[2,17],"2":[28,0],"3":[28,14],"4":[19,17],"5":[19,4]},"meta":{"lastBranch":6,"lastFunction":6,"lastStatement":17,"seen":{"f:11:16:11:34":0,"s:12:10:12:44":0,"s:13:16:13:79":1,"s:14:19:14:68":2,"s:16:18:16:Infinity":3,"s:19:18:19:50":4,"s:20:2:24:Infinity":5,"f:20:18:20:27":1,"s:21:14:21:31":6,"b:22:4:22:Infinity:undefined:undefined:undefined:undefined":0,"s:22:4:22:Infinity":7,"s:22:25:22:Infinity":8,"s:23:4:23:Infinity":9,"s:25:17:25:58":10,"f:25:37:25:43":2,"s:25:52:25:58":11,"s:27:2:73:Infinity":12,"b:40:10:44:11:44:10:67:Infinity":1,"f:41:39:41:44":3,"s:41:53:41:Infinity":13,"f:45:20:45:25":4,"s:46:28:46:52":14,"b:46:28:46:46:46:50:46:52":2,"s:47:14:64:Infinity":15,"f:50:27:50:32":5,"s:51:22:60:Infinity":16,"b:63:19:63:45:63:45:64:Infinity":3,"b:70:9:70:20:70:20:70:Infinity":4,"b:73:7:73:19:73:19:73:Infinity":5}}}
,"/Users/thomascalhoun/Documents/søk/client/src/pages/SearchCreateEdit.tsx": {"path":"/Users/thomascalhoun/Documents/søk/client/src/pages/SearchCreateEdit.tsx","statementMap":{"0":{"start":{"line":12,"column":23},"end":{"line":17,"column":null}},"1":{"start":{"line":20,"column":8},"end":{"line":20,"column":32}},"2":{"start":{"line":21,"column":10},"end":{"line":21,"column":45}},"3":{"start":{"line":22,"column":17},"end":{"line":22,"column":28}},"4":{"start":{"line":24,"column":15},"end":{"line":24,"column":48}},"5":{"start":{"line":25,"column":19},"end":{"line":25,"column":58}},"6":{"start":{"line":26,"column":19},"end":{"line":26,"column":58}},"7":{"start":{"line":27,"column":18},"end":{"line":27,"column":48}},"8":{"start":{"line":28,"column":18},"end":{"line":28,"column":48}},"9":{"start":{"line":29,"column":20},"end":{"line":29,"column":58}},"10":{"start":{"line":30,"column":18},"end":{"line":30,"column":58}},"11":{"start":{"line":31,"column":16},"end":{"line":31,"column":58}},"12":{"start":{"line":33,"column":19},"end":{"line":44,"column":4}},"13":{"start":{"line":37,"column":6},"end":{"line":41,"column":null}},"14":{"start":{"line":38,"column":8},"end":{"line":38,"column":null}},"15":{"start":{"line":39,"column":8},"end":{"line":39,"column":null}},"16":{"start":{"line":40,"column":8},"end":{"line":40,"column":null}},"17":{"start":{"line":41,"column":8},"end":{"line":41,"column":null}},"18":{"start":{"line":46,"column":31},"end":{"line":46,"column":76}},"19":{"start":{"line":48,"column":24},"end":{"line":48,"column":73}},"20":{"start":{"line":50,"column":34},"end":{"line":54,"column":4}},"21":{"start":{"line":52,"column":22},"end":{"line":52,"column":62}},"22":{"start":{"line":53,"column":20},"end":{"line":53,"column":null}},"23":{"start":{"line":56,"column":34},"end":{"line":60,"column":4}},"24":{"start":{"line":58,"column":23},"end":{"line":58,"column":48}},"25":{"start":{"line":59,"column":20},"end":{"line":59,"column":null}},"26":{"start":{"line":62,"column":18},"end":{"line":62,"column":null}},"27":{"start":{"line":64,"column":18},"end":{"line":64,"column":47}},"28":{"start":{"line":65,"column":26},"end":{"line":65,"column":49}},"29":{"start":{"line":66,"column":26},"end":{"line":66,"column":null}},"30":{"start":{"line":69,"column":20},"end":{"line":69,"column":62}},"31":{"start":{"line":70,"column":4},"end":{"line":70,"column":null}},"32":{"start":{"line":70,"column":48},"end":{"line":70,"column":null}},"33":{"start":{"line":70,"column":68},"end":{"line":70,"column":86}},"34":{"start":{"line":71,"column":4},"end":{"line":71,"column":null}},"35":{"start":{"line":75,"column":4},"end":{"line":75,"column":null}},"36":{"start":{"line":76,"column":4},"end":{"line":76,"column":null}},"37":{"start":{"line":77,"column":4},"end":{"line":77,"column":null}},"38":{"start":{"line":77,"column":47},"end":{"line":77,"column":null}},"39":{"start":{"line":78,"column":18},"end":{"line":78,"column":null}},"40":{"start":{"line":79,"column":4},"end":{"line":82,"column":null}},"41":{"start":{"line":80,"column":6},"end":{"line":80,"column":null}},"42":{"start":{"line":82,"column":6},"end":{"line":82,"column":null}},"43":{"start":{"line":86,"column":2},"end":{"line":309,"column":null}},"44":{"start":{"line":115,"column":33},"end":{"line":115,"column":56}},"45":{"start":{"line":127,"column":70},"end":{"line":127,"column":98}},"46":{"start":{"line":130,"column":68},"end":{"line":130,"column":94}},"47":{"start":{"line":158,"column":20},"end":{"line":158,"column":null}},"48":{"start":{"line":158,"column":68},"end":{"line":158,"column":119}},"49":{"start":{"line":158,"column":88},"end":{"line":158,"column":114}},"50":{"start":{"line":158,"column":105},"end":{"line":158,"column":114}},"51":{"start":{"line":162,"column":35},"end":{"line":162,"column":61}},"52":{"start":{"line":163,"column":38},"end":{"line":163,"column":null}},"53":{"start":{"line":163,"column":80},"end":{"line":163,"column":100}},"54":{"start":{"line":163,"column":100},"end":{"line":163,"column":null}},"55":{"start":{"line":176,"column":20},"end":{"line":176,"column":null}},"56":{"start":{"line":176,"column":68},"end":{"line":176,"column":115}},"57":{"start":{"line":176,"column":88},"end":{"line":176,"column":114}},"58":{"start":{"line":176,"column":105},"end":{"line":176,"column":114}},"59":{"start":{"line":180,"column":35},"end":{"line":180,"column":61}},"60":{"start":{"line":182,"column":22},"end":{"line":185,"column":null}},"61":{"start":{"line":183,"column":24},"end":{"line":183,"column":null}},"62":{"start":{"line":184,"column":34},"end":{"line":184,"column":48}},"63":{"start":{"line":185,"column":24},"end":{"line":185,"column":null}},"64":{"start":{"line":185,"column":33},"end":{"line":185,"column":68}},"65":{"start":{"line":185,"column":53},"end":{"line":185,"column":65}},"66":{"start":{"line":185,"column":68},"end":{"line":185,"column":null}},"67":{"start":{"line":201,"column":16},"end":{"line":212,"column":null}},"68":{"start":{"line":203,"column":33},"end":{"line":203,"column":48}},"69":{"start":{"line":227,"column":35},"end":{"line":227,"column":54}},"70":{"start":{"line":231,"column":29},"end":{"line":231,"column":47}},"71":{"start":{"line":266,"column":12},"end":{"line":270,"column":null}},"72":{"start":{"line":282,"column":16},"end":{"line":287,"column":null}}},"fnMap":{"0":{"name":"SearchCreateEdit","decl":{"start":{"line":19,"column":16},"end":{"line":19,"column":35}},"loc":{"start":{"line":19,"column":35},"end":{"line":309,"column":null}},"line":19},"1":{"name":"(anonymous_1)","decl":{"start":{"line":36,"column":4},"end":{"line":36,"column":17}},"loc":{"start":{"line":36,"column":22},"end":{"line":41,"column":null}},"line":36},"2":{"name":"(anonymous_2)","decl":{"start":{"line":52,"column":4},"end":{"line":52,"column":17}},"loc":{"start":{"line":52,"column":22},"end":{"line":52,"column":62}},"line":52},"3":{"name":"(anonymous_3)","decl":{"start":{"line":53,"column":4},"end":{"line":53,"column":13}},"loc":{"start":{"line":53,"column":20},"end":{"line":53,"column":null}},"line":53},"4":{"name":"(anonymous_4)","decl":{"start":{"line":58,"column":4},"end":{"line":58,"column":23}},"loc":{"start":{"line":58,"column":23},"end":{"line":58,"column":48}},"line":58},"5":{"name":"(anonymous_5)","decl":{"start":{"line":59,"column":4},"end":{"line":59,"column":13}},"loc":{"start":{"line":59,"column":20},"end":{"line":59,"column":null}},"line":59},"6":{"name":"addKeyword","decl":{"start":{"line":68,"column":11},"end":{"line":68,"column":24}},"loc":{"start":{"line":68,"column":24},"end":{"line":71,"column":null}},"line":68},"7":{"name":"(anonymous_7)","decl":{"start":{"line":70,"column":48},"end":{"line":70,"column":60}},"loc":{"start":{"line":70,"column":68},"end":{"line":70,"column":86}},"line":70},"8":{"name":"handleSubmit","decl":{"start":{"line":74,"column":11},"end":{"line":74,"column":24}},"loc":{"start":{"line":74,"column":41},"end":{"line":82,"column":null}},"line":74},"9":{"name":"(anonymous_9)","decl":{"start":{"line":115,"column":18},"end":{"line":115,"column":28}},"loc":{"start":{"line":115,"column":33},"end":{"line":115,"column":56}},"line":115},"10":{"name":"(anonymous_10)","decl":{"start":{"line":127,"column":55},"end":{"line":127,"column":65}},"loc":{"start":{"line":127,"column":70},"end":{"line":127,"column":98}},"line":127},"11":{"name":"(anonymous_11)","decl":{"start":{"line":130,"column":53},"end":{"line":130,"column":63}},"loc":{"start":{"line":130,"column":68},"end":{"line":130,"column":94}},"line":130},"12":{"name":"(anonymous_12)","decl":{"start":{"line":157,"column":28},"end":{"line":157,"column":32}},"loc":{"start":{"line":158,"column":20},"end":{"line":158,"column":null}},"line":158},"13":{"name":"(anonymous_13)","decl":{"start":{"line":158,"column":52},"end":{"line":158,"column":68}},"loc":{"start":{"line":158,"column":68},"end":{"line":158,"column":119}},"line":158},"14":{"name":"(anonymous_14)","decl":{"start":{"line":158,"column":68},"end":{"line":158,"column":80}},"loc":{"start":{"line":158,"column":88},"end":{"line":158,"column":114}},"line":158},"15":{"name":"(anonymous_15)","decl":{"start":{"line":158,"column":93},"end":{"line":158,"column":100}},"loc":{"start":{"line":158,"column":105},"end":{"line":158,"column":114}},"line":158},"16":{"name":"(anonymous_16)","decl":{"start":{"line":162,"column":20},"end":{"line":162,"column":30}},"loc":{"start":{"line":162,"column":35},"end":{"line":162,"column":61}},"line":162},"17":{"name":"(anonymous_17)","decl":{"start":{"line":163,"column":20},"end":{"line":163,"column":31}},"loc":{"start":{"line":163,"column":36},"end":{"line":163,"column":null}},"line":163},"18":{"name":"(anonymous_18)","decl":{"start":{"line":175,"column":28},"end":{"line":175,"column":32}},"loc":{"start":{"line":176,"column":20},"end":{"line":176,"column":null}},"line":176},"19":{"name":"(anonymous_19)","decl":{"start":{"line":176,"column":52},"end":{"line":176,"column":68}},"loc":{"start":{"line":176,"column":68},"end":{"line":176,"column":115}},"line":176},"20":{"name":"(anonymous_20)","decl":{"start":{"line":176,"column":68},"end":{"line":176,"column":80}},"loc":{"start":{"line":176,"column":88},"end":{"line":176,"column":114}},"line":176},"21":{"name":"(anonymous_21)","decl":{"start":{"line":176,"column":93},"end":{"line":176,"column":100}},"loc":{"start":{"line":176,"column":105},"end":{"line":176,"column":114}},"line":176},"22":{"name":"(anonymous_22)","decl":{"start":{"line":180,"column":20},"end":{"line":180,"column":30}},"loc":{"start":{"line":180,"column":35},"end":{"line":180,"column":61}},"line":180},"23":{"name":"(anonymous_23)","decl":{"start":{"line":181,"column":20},"end":{"line":181,"column":31}},"loc":{"start":{"line":181,"column":36},"end":{"line":185,"column":null}},"line":181},"24":{"name":"(anonymous_24)","decl":{"start":{"line":185,"column":33},"end":{"line":185,"column":45}},"loc":{"start":{"line":185,"column":53},"end":{"line":185,"column":65}},"line":185},"25":{"name":"(anonymous_25)","decl":{"start":{"line":200,"column":30},"end":{"line":200,"column":35}},"loc":{"start":{"line":201,"column":16},"end":{"line":212,"column":null}},"line":201},"26":{"name":"(anonymous_26)","decl":{"start":{"line":203,"column":18},"end":{"line":203,"column":33}},"loc":{"start":{"line":203,"column":33},"end":{"line":203,"column":48}},"line":203},"27":{"name":"(anonymous_27)","decl":{"start":{"line":227,"column":20},"end":{"line":227,"column":35}},"loc":{"start":{"line":227,"column":35},"end":{"line":227,"column":54}},"line":227},"28":{"name":"(anonymous_28)","decl":{"start":{"line":231,"column":14},"end":{"line":231,"column":29}},"loc":{"start":{"line":231,"column":29},"end":{"line":231,"column":47}},"line":231},"29":{"name":"(anonymous_29)","decl":{"start":{"line":265,"column":41},"end":{"line":265,"column":46}},"loc":{"start":{"line":266,"column":12},"end":{"line":270,"column":null}},"line":266},"30":{"name":"(anonymous_30)","decl":{"start":{"line":281,"column":49},"end":{"line":281,"column":54}},"loc":{"start":{"line":282,"column":16},"end":{"line":287,"column":null}},"line":282}},"branchMap":{"0":{"loc":{"start":{"line":37,"column":6},"end":{"line":41,"column":null}},"type":"if","locations":[{"start":{"line":37,"column":6},"end":{"line":41,"column":null}},{"start":{},"end":{}}],"line":37},"1":{"loc":{"start":{"line":39,"column":20},"end":{"line":39,"column":43}},"type":"binary-expr","locations":[{"start":{"line":39,"column":20},"end":{"line":39,"column":41}},{"start":{"line":39,"column":41},"end":{"line":39,"column":43}}],"line":39},"2":{"loc":{"start":{"line":40,"column":21},"end":{"line":40,"column":46}},"type":"binary-expr","locations":[{"start":{"line":40,"column":21},"end":{"line":40,"column":43}},{"start":{"line":40,"column":43},"end":{"line":40,"column":46}}],"line":40},"3":{"loc":{"start":{"line":41,"column":19},"end":{"line":41,"column":42}},"type":"binary-expr","locations":[{"start":{"line":41,"column":19},"end":{"line":41,"column":39}},{"start":{"line":41,"column":39},"end":{"line":41,"column":42}}],"line":41},"4":{"loc":{"start":{"line":62,"column":18},"end":{"line":62,"column":null}},"type":"binary-expr","locations":[{"start":{"line":62,"column":18},"end":{"line":62,"column":30}},{"start":{"line":62,"column":30},"end":{"line":62,"column":42}},{"start":{"line":62,"column":42},"end":{"line":62,"column":null}}],"line":62},"5":{"loc":{"start":{"line":65,"column":26},"end":{"line":65,"column":49}},"type":"binary-expr","locations":[{"start":{"line":65,"column":26},"end":{"line":65,"column":37}},{"start":{"line":65,"column":37},"end":{"line":65,"column":49}}],"line":65},"6":{"loc":{"start":{"line":66,"column":26},"end":{"line":66,"column":null}},"type":"binary-expr","locations":[{"start":{"line":66,"column":26},"end":{"line":66,"column":37}},{"start":{"line":66,"column":37},"end":{"line":66,"column":null}}],"line":66},"7":{"loc":{"start":{"line":70,"column":4},"end":{"line":70,"column":null}},"type":"if","locations":[{"start":{"line":70,"column":4},"end":{"line":70,"column":null}},{"start":{},"end":{}}],"line":70},"8":{"loc":{"start":{"line":70,"column":8},"end":{"line":70,"column":46}},"type":"binary-expr","locations":[{"start":{"line":70,"column":8},"end":{"line":70,"column":19}},{"start":{"line":70,"column":19},"end":{"line":70,"column":46}}],"line":70},"9":{"loc":{"start":{"line":77,"column":4},"end":{"line":77,"column":null}},"type":"if","locations":[{"start":{"line":77,"column":4},"end":{"line":77,"column":null}},{"start":{},"end":{}}],"line":77},"10":{"loc":{"start":{"line":77,"column":8},"end":{"line":77,"column":47}},"type":"binary-expr","locations":[{"start":{"line":77,"column":8},"end":{"line":77,"column":20}},{"start":{"line":77,"column":24},"end":{"line":77,"column":47}}],"line":77},"11":{"loc":{"start":{"line":78,"column":64},"end":{"line":78,"column":93}},"type":"cond-expr","locations":[{"start":{"line":78,"column":73},"end":{"line":78,"column":84}},{"start":{"line":78,"column":84},"end":{"line":78,"column":93}}],"line":78},"12":{"loc":{"start":{"line":79,"column":4},"end":{"line":82,"column":null}},"type":"if","locations":[{"start":{"line":79,"column":4},"end":{"line":82,"column":null}},{"start":{"line":81,"column":11},"end":{"line":82,"column":null}}],"line":79},"13":{"loc":{"start":{"line":92,"column":13},"end":{"line":92,"column":null}},"type":"cond-expr","locations":[{"start":{"line":92,"column":22},"end":{"line":92,"column":51}},{"start":{"line":92,"column":51},"end":{"line":92,"column":null}}],"line":92},"14":{"loc":{"start":{"line":99,"column":9},"end":{"line":102,"column":null}},"type":"binary-expr","locations":[{"start":{"line":99,"column":9},"end":{"line":99,"column":null}},{"start":{"line":100,"column":10},"end":{"line":102,"column":null}}],"line":99},"15":{"loc":{"start":{"line":118,"column":227},"end":{"line":118,"column":null}},"type":"cond-expr","locations":[{"start":{"line":118,"column":241},"end":{"line":118,"column":261}},{"start":{"line":118,"column":261},"end":{"line":118,"column":null}}],"line":118},"16":{"loc":{"start":{"line":120,"column":17},"end":{"line":121,"column":null}},"type":"binary-expr","locations":[{"start":{"line":120,"column":17},"end":{"line":120,"column":null}},{"start":{"line":121,"column":18},"end":{"line":121,"column":null}}],"line":120},"17":{"loc":{"start":{"line":156,"column":119},"end":{"line":156,"column":null}},"type":"cond-expr","locations":[{"start":{"line":156,"column":137},"end":{"line":156,"column":157}},{"start":{"line":156,"column":157},"end":{"line":156,"column":null}}],"line":156},"18":{"loc":{"start":{"line":163,"column":38},"end":{"line":163,"column":null}},"type":"if","locations":[{"start":{"line":163,"column":38},"end":{"line":163,"column":null}},{"start":{},"end":{}}],"line":163},"19":{"loc":{"start":{"line":163,"column":42},"end":{"line":163,"column":78}},"type":"binary-expr","locations":[{"start":{"line":163,"column":42},"end":{"line":163,"column":63}},{"start":{"line":163,"column":63},"end":{"line":163,"column":78}}],"line":163},"20":{"loc":{"start":{"line":168,"column":17},"end":{"line":169,"column":null}},"type":"binary-expr","locations":[{"start":{"line":168,"column":17},"end":{"line":168,"column":null}},{"start":{"line":169,"column":18},"end":{"line":169,"column":null}}],"line":168},"21":{"loc":{"start":{"line":182,"column":22},"end":{"line":185,"column":null}},"type":"if","locations":[{"start":{"line":182,"column":22},"end":{"line":185,"column":null}},{"start":{},"end":{}}],"line":182},"22":{"loc":{"start":{"line":182,"column":26},"end":{"line":182,"column":62}},"type":"binary-expr","locations":[{"start":{"line":182,"column":26},"end":{"line":182,"column":47}},{"start":{"line":182,"column":47},"end":{"line":182,"column":62}}],"line":182},"23":{"loc":{"start":{"line":185,"column":24},"end":{"line":185,"column":null}},"type":"if","locations":[{"start":{"line":185,"column":24},"end":{"line":185,"column":null}},{"start":{},"end":{}}],"line":185},"24":{"loc":{"start":{"line":205,"column":20},"end":{"line":207,"column":null}},"type":"cond-expr","locations":[{"start":{"line":206,"column":24},"end":{"line":206,"column":null}},{"start":{"line":207,"column":24},"end":{"line":207,"column":null}}],"line":205},"25":{"loc":{"start":{"line":210,"column":50},"end":{"line":210,"column":116}},"type":"cond-expr","locations":[{"start":{"line":210,"column":68},"end":{"line":210,"column":87}},{"start":{"line":210,"column":87},"end":{"line":210,"column":116}}],"line":210},"26":{"loc":{"start":{"line":232,"column":24},"end":{"line":232,"column":null}},"type":"binary-expr","locations":[{"start":{"line":232,"column":24},"end":{"line":232,"column":35}},{"start":{"line":232,"column":35},"end":{"line":232,"column":44}},{"start":{"line":232,"column":44},"end":{"line":232,"column":null}}],"line":232},"27":{"loc":{"start":{"line":235,"column":15},"end":{"line":235,"column":null}},"type":"cond-expr","locations":[{"start":{"line":235,"column":25},"end":{"line":235,"column":40}},{"start":{"line":235,"column":40},"end":{"line":235,"column":null}}],"line":235},"28":{"loc":{"start":{"line":249,"column":11},"end":{"line":257,"column":null}},"type":"cond-expr","locations":[{"start":{"line":250,"column":12},"end":{"line":252,"column":13}},{"start":{"line":252,"column":12},"end":{"line":257,"column":null}}],"line":249},"29":{"loc":{"start":{"line":254,"column":17},"end":{"line":254,"column":null}},"type":"binary-expr","locations":[{"start":{"line":254,"column":17},"end":{"line":254,"column":62}},{"start":{"line":254,"column":66},"end":{"line":254,"column":null}}],"line":254},"30":{"loc":{"start":{"line":256,"column":15},"end":{"line":257,"column":null}},"type":"binary-expr","locations":[{"start":{"line":256,"column":15},"end":{"line":256,"column":29}},{"start":{"line":256,"column":29},"end":{"line":256,"column":null}},{"start":{"line":257,"column":16},"end":{"line":257,"column":null}}],"line":256},"31":{"loc":{"start":{"line":268,"column":46},"end":{"line":268,"column":null}},"type":"cond-expr","locations":[{"start":{"line":268,"column":56},"end":{"line":268,"column":73}},{"start":{"line":268,"column":73},"end":{"line":268,"column":null}}],"line":268},"32":{"loc":{"start":{"line":274,"column":9},"end":{"line":289,"column":null}},"type":"binary-expr","locations":[{"start":{"line":274,"column":9},"end":{"line":274,"column":35}},{"start":{"line":274,"column":35},"end":{"line":274,"column":null}},{"start":{"line":275,"column":10},"end":{"line":289,"column":null}}],"line":274},"33":{"loc":{"start":{"line":285,"column":42},"end":{"line":285,"column":78}},"type":"binary-expr","locations":[{"start":{"line":285,"column":42},"end":{"line":285,"column":72}},{"start":{"line":285,"column":72},"end":{"line":285,"column":78}}],"line":285},"34":{"loc":{"start":{"line":293,"column":9},"end":{"line":304,"column":null}},"type":"binary-expr","locations":[{"start":{"line":293,"column":9},"end":{"line":293,"column":null}},{"start":{"line":294,"column":10},"end":{"line":304,"column":null}}],"line":293}},"s":{"0":1,"1":114,"2":114,"3":114,"4":114,"5":114,"6":114,"7":114,"8":114,"9":114,"10":114,"11":114,"12":114,"13":0,"14":0,"15":0,"16":0,"17":0,"18":114,"19":114,"20":114,"21":0,"22":1,"23":114,"24":0,"25":0,"26":114,"27":114,"28":114,"29":114,"30":7,"31":7,"32":6,"33":6,"34":7,"35":6,"36":6,"37":6,"38":4,"39":2,"40":6,"41":0,"42":2,"43":114,"44":30,"45":0,"46":0,"47":13,"48":1,"49":1,"50":1,"51":41,"52":48,"53":7,"54":7,"55":0,"56":0,"57":0,"58":0,"59":0,"60":0,"61":0,"62":0,"63":0,"64":0,"65":0,"66":0,"67":456,"68":0,"69":5,"70":1,"71":798,"72":0},"f":{"0":114,"1":0,"2":0,"3":1,"4":0,"5":0,"6":7,"7":6,"8":6,"9":30,"10":0,"11":0,"12":13,"13":1,"14":1,"15":1,"16":41,"17":48,"18":0,"19":0,"20":0,"21":0,"22":0,"23":0,"24":0,"25":456,"26":0,"27":5,"28":1,"29":798,"30":0},"b":{"0":[0,0],"1":[0,0],"2":[0,0],"3":[0,0],"4":[114,114,114],"5":[114,9],"6":[114,9],"7":[6,1],"8":[7,7],"9":[4,2],"10":[6,3],"11":[1,1],"12":[0,2],"13":[0,114],"14":[114,1],"15":[6,108],"16":[114,6],"17":[7,107],"18":[7,41],"19":[48,42],"20":[114,7],"21":[0,0],"22":[0,0],"23":[0,0],"24":[114,342],"25":[114,342],"26":[114,114,46],"27":[0,114],"28":[0,114],"29":[114,114],"30":[114,0,0],"31":[114,684],"32":[114,0,0],"33":[0,0],"34":[114,13]},"meta":{"lastBranch":35,"lastFunction":31,"lastStatement":73,"seen":{"s:12:23:17:Infinity":0,"f:19:16:19:35":0,"s:20:8:20:32":1,"s:21:10:21:45":2,"s:22:17:22:28":3,"s:24:15:24:48":4,"s:25:19:25:58":5,"s:26:19:26:58":6,"s:27:18:27:48":7,"s:28:18:28:48":8,"s:29:20:29:58":9,"s:30:18:30:58":10,"s:31:16:31:58":11,"s:33:19:44:4":12,"f:36:4:36:17":1,"b:37:6:41:Infinity:undefined:undefined:undefined:undefined":0,"s:37:6:41:Infinity":13,"s:38:8:38:Infinity":14,"s:39:8:39:Infinity":15,"b:39:20:39:41:39:41:39:43":1,"s:40:8:40:Infinity":16,"b:40:21:40:43:40:43:40:46":2,"s:41:8:41:Infinity":17,"b:41:19:41:39:41:39:41:42":3,"s:46:31:46:76":18,"s:48:24:48:73":19,"s:50:34:54:4":20,"f:52:4:52:17":2,"s:52:22:52:62":21,"f:53:4:53:13":3,"s:53:20:53:Infinity":22,"s:56:34:60:4":23,"f:58:4:58:23":4,"s:58:23:58:48":24,"f:59:4:59:13":5,"s:59:20:59:Infinity":25,"s:62:18:62:Infinity":26,"b:62:18:62:30:62:30:62:42:62:42:62:Infinity":4,"s:64:18:64:47":27,"s:65:26:65:49":28,"b:65:26:65:37:65:37:65:49":5,"s:66:26:66:Infinity":29,"b:66:26:66:37:66:37:66:Infinity":6,"f:68:11:68:24":6,"s:69:20:69:62":30,"b:70:4:70:Infinity:undefined:undefined:undefined:undefined":7,"s:70:4:70:Infinity":31,"b:70:8:70:19:70:19:70:46":8,"s:70:48:70:Infinity":32,"f:70:48:70:60":7,"s:70:68:70:86":33,"s:71:4:71:Infinity":34,"f:74:11:74:24":8,"s:75:4:75:Infinity":35,"s:76:4:76:Infinity":36,"b:77:4:77:Infinity:undefined:undefined:undefined:undefined":9,"s:77:4:77:Infinity":37,"b:77:8:77:20:77:24:77:47":10,"s:77:47:77:Infinity":38,"s:78:18:78:Infinity":39,"b:78:73:78:84:78:84:78:93":11,"b:79:4:82:Infinity:81:11:82:Infinity":12,"s:79:4:82:Infinity":40,"s:80:6:80:Infinity":41,"s:82:6:82:Infinity":42,"s:86:2:309:Infinity":43,"b:92:22:92:51:92:51:92:Infinity":13,"b:99:9:99:Infinity:100:10:102:Infinity":14,"f:115:18:115:28":9,"s:115:33:115:56":44,"b:118:241:118:261:118:261:118:Infinity":15,"b:120:17:120:Infinity:121:18:121:Infinity":16,"f:127:55:127:65":10,"s:127:70:127:98":45,"f:130:53:130:63":11,"s:130:68:130:94":46,"b:156:137:156:157:156:157:156:Infinity":17,"f:157:28:157:32":12,"s:158:20:158:Infinity":47,"f:158:52:158:68":13,"s:158:68:158:119":48,"f:158:68:158:80":14,"s:158:88:158:114":49,"f:158:93:158:100":15,"s:158:105:158:114":50,"f:162:20:162:30":16,"s:162:35:162:61":51,"f:163:20:163:31":17,"b:163:38:163:Infinity:undefined:undefined:undefined:undefined":18,"s:163:38:163:Infinity":52,"b:163:42:163:63:163:63:163:78":19,"s:163:80:163:100":53,"s:163:100:163:Infinity":54,"b:168:17:168:Infinity:169:18:169:Infinity":20,"f:175:28:175:32":18,"s:176:20:176:Infinity":55,"f:176:52:176:68":19,"s:176:68:176:115":56,"f:176:68:176:80":20,"s:176:88:176:114":57,"f:176:93:176:100":21,"s:176:105:176:114":58,"f:180:20:180:30":22,"s:180:35:180:61":59,"f:181:20:181:31":23,"b:182:22:185:Infinity:undefined:undefined:undefined:undefined":21,"s:182:22:185:Infinity":60,"b:182:26:182:47:182:47:182:62":22,"s:183:24:183:Infinity":61,"s:184:34:184:48":62,"b:185:24:185:Infinity:undefined:undefined:undefined:undefined":23,"s:185:24:185:Infinity":63,"s:185:33:185:68":64,"f:185:33:185:45":24,"s:185:53:185:65":65,"s:185:68:185:Infinity":66,"f:200:30:200:35":25,"s:201:16:212:Infinity":67,"f:203:18:203:33":26,"s:203:33:203:48":68,"b:206:24:206:Infinity:207:24:207:Infinity":24,"b:210:68:210:87:210:87:210:116":25,"f:227:20:227:35":27,"s:227:35:227:54":69,"f:231:14:231:29":28,"s:231:29:231:47":70,"b:232:24:232:35:232:35:232:44:232:44:232:Infinity":26,"b:235:25:235:40:235:40:235:Infinity":27,"b:250:12:252:13:252:12:257:Infinity":28,"b:254:17:254:62:254:66:254:Infinity":29,"b:256:15:256:29:256:29:256:Infinity:257:16:257:Infinity":30,"f:265:41:265:46":29,"s:266:12:270:Infinity":71,"b:268:56:268:73:268:73:268:Infinity":31,"b:274:9:274:35:274:35:274:Infinity:275:10:289:Infinity":32,"f:281:49:281:54":30,"s:282:16:287:Infinity":72,"b:285:42:285:72:285:72:285:78":33,"b:293:9:293:Infinity:294:10:304:Infinity":34}}}
,"/Users/thomascalhoun/Documents/søk/client/src/pages/SearchDetail.tsx": {"path":"/Users/thomascalhoun/Documents/søk/client/src/pages/SearchDetail.tsx","statementMap":{"0":{"start":{"line":15,"column":10},"end":{"line":15,"column":44}},"1":{"start":{"line":16,"column":8},"end":{"line":16,"column":32}},"2":{"start":{"line":17,"column":19},"end":{"line":17,"column":49}},"3":{"start":{"line":19,"column":16},"end":{"line":19,"column":71}},"4":{"start":{"line":20,"column":17},"end":{"line":20,"column":null}},"5":{"start":{"line":22,"column":9},"end":{"line":24,"column":4}},"6":{"start":{"line":26,"column":2},"end":{"line":30,"column":null}},"7":{"start":{"line":26,"column":15},"end":{"line":30,"column":null}},"8":{"start":{"line":34,"column":2},"end":{"line":35,"column":null}},"9":{"start":{"line":34,"column":15},"end":{"line":35,"column":null}},"10":{"start":{"line":38,"column":21},"end":{"line":40,"column":null}},"11":{"start":{"line":39,"column":37},"end":{"line":39,"column":44}},"12":{"start":{"line":42,"column":2},"end":{"line":213,"column":null}},"13":{"start":{"line":63,"column":31},"end":{"line":63,"column":57}},"14":{"start":{"line":69,"column":31},"end":{"line":69,"column":48}},"15":{"start":{"line":84,"column":20},"end":{"line":89,"column":null}},"16":{"start":{"line":126,"column":22},"end":{"line":137,"column":null}},"17":{"start":{"line":130,"column":43},"end":{"line":130,"column":104}},"18":{"start":{"line":161,"column":33},"end":{"line":161,"column":58}},"19":{"start":{"line":184,"column":20},"end":{"line":200,"column":null}},"20":{"start":{"line":212,"column":48},"end":{"line":212,"column":66}}},"fnMap":{"0":{"name":"SearchDetail","decl":{"start":{"line":14,"column":16},"end":{"line":14,"column":31}},"loc":{"start":{"line":14,"column":31},"end":{"line":213,"column":null}},"line":14},"1":{"name":"(anonymous_1)","decl":{"start":{"line":39,"column":21},"end":{"line":39,"column":26}},"loc":{"start":{"line":39,"column":37},"end":{"line":39,"column":44}},"line":39},"2":{"name":"(anonymous_2)","decl":{"start":{"line":63,"column":16},"end":{"line":63,"column":31}},"loc":{"start":{"line":63,"column":31},"end":{"line":63,"column":57}},"line":63},"3":{"name":"(anonymous_3)","decl":{"start":{"line":69,"column":16},"end":{"line":69,"column":31}},"loc":{"start":{"line":69,"column":31},"end":{"line":69,"column":48}},"line":69},"4":{"name":"(anonymous_4)","decl":{"start":{"line":83,"column":35},"end":{"line":83,"column":40}},"loc":{"start":{"line":84,"column":20},"end":{"line":89,"column":null}},"line":84},"5":{"name":"(anonymous_5)","decl":{"start":{"line":125,"column":36},"end":{"line":125,"column":41}},"loc":{"start":{"line":126,"column":22},"end":{"line":137,"column":null}},"line":126},"6":{"name":"(anonymous_6)","decl":{"start":{"line":130,"column":28},"end":{"line":130,"column":43}},"loc":{"start":{"line":130,"column":43},"end":{"line":130,"column":104}},"line":130},"7":{"name":"(anonymous_7)","decl":{"start":{"line":161,"column":18},"end":{"line":161,"column":33}},"loc":{"start":{"line":161,"column":33},"end":{"line":161,"column":58}},"line":161},"8":{"name":"(anonymous_8)","decl":{"start":{"line":183,"column":48},"end":{"line":183,"column":53}},"loc":{"start":{"line":184,"column":20},"end":{"line":200,"column":null}},"line":184},"9":{"name":"(anonymous_9)","decl":{"start":{"line":212,"column":33},"end":{"line":212,"column":48}},"loc":{"start":{"line":212,"column":48},"end":{"line":212,"column":66}},"line":212}},"branchMap":{"0":{"loc":{"start":{"line":26,"column":2},"end":{"line":30,"column":null}},"type":"if","locations":[{"start":{"line":26,"column":2},"end":{"line":30,"column":null}},{"start":{},"end":{}}],"line":26},"1":{"loc":{"start":{"line":34,"column":2},"end":{"line":35,"column":null}},"type":"if","locations":[{"start":{"line":34,"column":2},"end":{"line":35,"column":null}},{"start":{},"end":{}}],"line":34},"2":{"loc":{"start":{"line":38,"column":21},"end":{"line":40,"column":null}},"type":"cond-expr","locations":[{"start":{"line":39,"column":6},"end":{"line":39,"column":56}},{"start":{"line":40,"column":6},"end":{"line":40,"column":null}}],"line":38},"3":{"loc":{"start":{"line":46,"column":11},"end":{"line":52,"column":null}},"type":"binary-expr","locations":[{"start":{"line":46,"column":11},"end":{"line":46,"column":null}},{"start":{"line":47,"column":12},"end":{"line":52,"column":null}}],"line":46},"4":{"loc":{"start":{"line":49,"column":17},"end":{"line":49,"column":null}},"type":"binary-expr","locations":[{"start":{"line":49,"column":17},"end":{"line":49,"column":55}},{"start":{"line":49,"column":59},"end":{"line":49,"column":null}}],"line":49},"5":{"loc":{"start":{"line":123,"column":17},"end":{"line":141,"column":null}},"type":"cond-expr","locations":[{"start":{"line":124,"column":18},"end":{"line":141,"column":19}},{"start":{"line":141,"column":18},"end":{"line":141,"column":null}}],"line":123},"6":{"loc":{"start":{"line":150,"column":23},"end":{"line":150,"column":null}},"type":"binary-expr","locations":[{"start":{"line":150,"column":23},"end":{"line":150,"column":50}},{"start":{"line":150,"column":50},"end":{"line":150,"column":null}}],"line":150},"7":{"loc":{"start":{"line":156,"column":23},"end":{"line":156,"column":null}},"type":"cond-expr","locations":[{"start":{"line":156,"column":49},"end":{"line":156,"column":57}},{"start":{"line":156,"column":57},"end":{"line":156,"column":null}}],"line":156},"8":{"loc":{"start":{"line":190,"column":26},"end":{"line":191,"column":null}},"type":"cond-expr","locations":[{"start":{"line":190,"column":61},"end":{"line":190,"column":null}},{"start":{"line":191,"column":26},"end":{"line":191,"column":null}}],"line":190},"9":{"loc":{"start":{"line":191,"column":26},"end":{"line":191,"column":null}},"type":"cond-expr","locations":[{"start":{"line":191,"column":61},"end":{"line":191,"column":74}},{"start":{"line":191,"column":74},"end":{"line":191,"column":null}}],"line":191},"10":{"loc":{"start":{"line":201,"column":20},"end":{"line":203,"column":null}},"type":"binary-expr","locations":[{"start":{"line":202,"column":20},"end":{"line":202,"column":40}},{"start":{"line":202,"column":40},"end":{"line":202,"column":null}},{"start":{"line":203,"column":20},"end":{"line":203,"column":null}}],"line":201}},"s":{"0":25,"1":25,"2":25,"3":25,"4":25,"5":25,"6":25,"7":2,"8":23,"9":23,"10":22,"11":2,"12":25,"13":1,"14":2,"15":44,"16":3,"17":1,"18":1,"19":6,"20":1},"f":{"0":25,"1":2,"2":1,"3":2,"4":44,"5":3,"6":1,"7":1,"8":6,"9":1},"b":{"0":[2,23],"1":[1,22],"2":[2,20],"3":[25,2],"4":[2,0],"5":[3,19],"6":[25,0],"7":[3,19],"8":[3,3],"9":[3,0],"10":[25,22,19]},"meta":{"lastBranch":11,"lastFunction":10,"lastStatement":21,"seen":{"f:14:16:14:31":0,"s:15:10:15:44":0,"s:16:8:16:32":1,"s:17:19:17:49":2,"s:19:16:19:71":3,"s:20:17:20:Infinity":4,"s:22:9:24:4":5,"b:26:2:30:Infinity:undefined:undefined:undefined:undefined":0,"s:26:2:30:Infinity":6,"s:26:15:30:Infinity":7,"b:34:2:35:Infinity:undefined:undefined:undefined:undefined":1,"s:34:2:35:Infinity":8,"s:34:15:35:Infinity":9,"s:38:21:40:Infinity":10,"b:39:6:39:56:40:6:40:Infinity":2,"f:39:21:39:26":1,"s:39:37:39:44":11,"s:42:2:213:Infinity":12,"b:46:11:46:Infinity:47:12:52:Infinity":3,"b:49:17:49:55:49:59:49:Infinity":4,"f:63:16:63:31":2,"s:63:31:63:57":13,"f:69:16:69:31":3,"s:69:31:69:48":14,"f:83:35:83:40":4,"s:84:20:89:Infinity":15,"b:124:18:141:19:141:18:141:Infinity":5,"f:125:36:125:41":5,"s:126:22:137:Infinity":16,"f:130:28:130:43":6,"s:130:43:130:104":17,"b:150:23:150:50:150:50:150:Infinity":6,"b:156:49:156:57:156:57:156:Infinity":7,"f:161:18:161:33":7,"s:161:33:161:58":18,"f:183:48:183:53":8,"s:184:20:200:Infinity":19,"b:190:61:190:Infinity:191:26:191:Infinity":8,"b:191:61:191:74:191:74:191:Infinity":9,"b:202:20:202:40:202:40:202:Infinity:203:20:203:Infinity":10,"f:212:33:212:48":9,"s:212:48:212:66":20}}}
,"/Users/thomascalhoun/Documents/søk/client/src/pages/SearchLibrary.tsx": {"path":"/Users/thomascalhoun/Documents/søk/client/src/pages/SearchLibrary.tsx","statementMap":{"0":{"start":{"line":11,"column":13},"end":{"line":11,"column":null}},"1":{"start":{"line":15,"column":8},"end":{"line":15,"column":32}},"2":{"start":{"line":16,"column":20},"end":{"line":16,"column":64}},"3":{"start":{"line":18,"column":72},"end":{"line":18,"column":106}},"4":{"start":{"line":19,"column":39},"end":{"line":19,"column":84}},"5":{"start":{"line":21,"column":33},"end":{"line":21,"column":59}},"6":{"start":{"line":22,"column":36},"end":{"line":22,"column":69}},"7":{"start":{"line":24,"column":19},"end":{"line":28,"column":null}},"8":{"start":{"line":25,"column":4},"end":{"line":25,"column":null}},"9":{"start":{"line":25,"column":39},"end":{"line":25,"column":null}},"10":{"start":{"line":26,"column":4},"end":{"line":26,"column":null}},"11":{"start":{"line":26,"column":39},"end":{"line":26,"column":null}},"12":{"start":{"line":27,"column":4},"end":{"line":27,"column":null}},"13":{"start":{"line":30,"column":28},"end":{"line":30,"column":null}},"14":{"start":{"line":31,"column":28},"end":{"line":31,"column":null}},"15":{"start":{"line":32,"column":19},"end":{"line":34,"column":null}},"16":{"start":{"line":33,"column":4},"end":{"line":33,"column":null}},"17":{"start":{"line":36,"column":2},"end":{"line":181,"column":null}},"18":{"start":{"line":48,"column":35},"end":{"line":48,"column":44}},"19":{"start":{"line":60,"column":12},"end":{"line":72,"column":null}},"20":{"start":{"line":78,"column":12},"end":{"line":88,"column":null}},"21":{"start":{"line":80,"column":29},"end":{"line":80,"column":46}},"22":{"start":{"line":102,"column":53},"end":{"line":102,"column":null}},"23":{"start":{"line":106,"column":31},"end":{"line":106,"column":68}},"24":{"start":{"line":110,"column":39},"end":{"line":110,"column":62}},"25":{"start":{"line":130,"column":14},"end":{"line":142,"column":null}},"26":{"start":{"line":132,"column":31},"end":{"line":132,"column":65}},"27":{"start":{"line":157,"column":14},"end":{"line":165,"column":null}}},"fnMap":{"0":{"name":"SearchLibrary","decl":{"start":{"line":14,"column":16},"end":{"line":14,"column":32}},"loc":{"start":{"line":14,"column":32},"end":{"line":181,"column":null}},"line":14},"1":{"name":"(anonymous_1)","decl":{"start":{"line":24,"column":28},"end":{"line":24,"column":35}},"loc":{"start":{"line":24,"column":40},"end":{"line":28,"column":null}},"line":24},"2":{"name":"(anonymous_2)","decl":{"start":{"line":32,"column":28},"end":{"line":32,"column":35}},"loc":{"start":{"line":33,"column":4},"end":{"line":33,"column":null}},"line":33},"3":{"name":"(anonymous_3)","decl":{"start":{"line":48,"column":20},"end":{"line":48,"column":35}},"loc":{"start":{"line":48,"column":35},"end":{"line":48,"column":44}},"line":48},"4":{"name":"(anonymous_4)","decl":{"start":{"line":59,"column":12},"end":{"line":59,"column":17}},"loc":{"start":{"line":60,"column":12},"end":{"line":72,"column":null}},"line":60},"5":{"name":"(anonymous_5)","decl":{"start":{"line":77,"column":16},"end":{"line":77,"column":20}},"loc":{"start":{"line":78,"column":12},"end":{"line":88,"column":null}},"line":78},"6":{"name":"(anonymous_6)","decl":{"start":{"line":80,"column":14},"end":{"line":80,"column":29}},"loc":{"start":{"line":80,"column":29},"end":{"line":80,"column":46}},"line":80},"7":{"name":"(anonymous_7)","decl":{"start":{"line":102,"column":39},"end":{"line":102,"column":44}},"loc":{"start":{"line":102,"column":53},"end":{"line":102,"column":null}},"line":102},"8":{"name":"(anonymous_8)","decl":{"start":{"line":106,"column":22},"end":{"line":106,"column":26}},"loc":{"start":{"line":106,"column":31},"end":{"line":106,"column":68}},"line":106},"9":{"name":"(anonymous_9)","decl":{"start":{"line":110,"column":24},"end":{"line":110,"column":39}},"loc":{"start":{"line":110,"column":39},"end":{"line":110,"column":62}},"line":110},"10":{"name":"(anonymous_10)","decl":{"start":{"line":129,"column":40},"end":{"line":129,"column":44}},"loc":{"start":{"line":130,"column":14},"end":{"line":142,"column":null}},"line":130},"11":{"name":"(anonymous_11)","decl":{"start":{"line":132,"column":16},"end":{"line":132,"column":31}},"loc":{"start":{"line":132,"column":31},"end":{"line":132,"column":65}},"line":132},"12":{"name":"(anonymous_12)","decl":{"start":{"line":156,"column":14},"end":{"line":156,"column":19}},"loc":{"start":{"line":157,"column":14},"end":{"line":165,"column":null}},"line":157}},"branchMap":{"0":{"loc":{"start":{"line":21,"column":33},"end":{"line":21,"column":59}},"type":"binary-expr","locations":[{"start":{"line":21,"column":33},"end":{"line":21,"column":57}},{"start":{"line":21,"column":57},"end":{"line":21,"column":59}}],"line":21},"1":{"loc":{"start":{"line":22,"column":36},"end":{"line":22,"column":69}},"type":"binary-expr","locations":[{"start":{"line":22,"column":36},"end":{"line":22,"column":67}},{"start":{"line":22,"column":67},"end":{"line":22,"column":69}}],"line":22},"2":{"loc":{"start":{"line":25,"column":4},"end":{"line":25,"column":null}},"type":"if","locations":[{"start":{"line":25,"column":4},"end":{"line":25,"column":null}},{"start":{},"end":{}}],"line":25},"3":{"loc":{"start":{"line":26,"column":4},"end":{"line":26,"column":null}},"type":"if","locations":[{"start":{"line":26,"column":4},"end":{"line":26,"column":null}},{"start":{},"end":{}}],"line":26},"4":{"loc":{"start":{"line":26,"column":47},"end":{"line":26,"column":77}},"type":"binary-expr","locations":[{"start":{"line":26,"column":47},"end":{"line":26,"column":72}},{"start":{"line":26,"column":72},"end":{"line":26,"column":77}}],"line":26},"5":{"loc":{"start":{"line":67,"column":19},"end":{"line":67,"column":null}},"type":"binary-expr","locations":[{"start":{"line":67,"column":19},"end":{"line":67,"column":26}},{"start":{"line":67,"column":26},"end":{"line":67,"column":null}}],"line":67},"6":{"loc":{"start":{"line":68,"column":19},"end":{"line":68,"column":null}},"type":"binary-expr","locations":[{"start":{"line":68,"column":19},"end":{"line":68,"column":28}},{"start":{"line":68,"column":28},"end":{"line":68,"column":null}}],"line":68},"7":{"loc":{"start":{"line":71,"column":15},"end":{"line":71,"column":null}},"type":"binary-expr","locations":[{"start":{"line":71,"column":15},"end":{"line":71,"column":23}},{"start":{"line":71,"column":23},"end":{"line":71,"column":null}}],"line":71},"8":{"loc":{"start":{"line":82,"column":16},"end":{"line":84,"column":null}},"type":"cond-expr","locations":[{"start":{"line":83,"column":20},"end":{"line":83,"column":null}},{"start":{"line":84,"column":20},"end":{"line":84,"column":null}}],"line":82},"9":{"loc":{"start":{"line":96,"column":9},"end":{"line":112,"column":null}},"type":"cond-expr","locations":[{"start":{"line":97,"column":10},"end":{"line":100,"column":null}},{"start":{"line":100,"column":12},"end":{"line":112,"column":null}}],"line":96},"10":{"loc":{"start":{"line":100,"column":12},"end":{"line":112,"column":null}},"type":"cond-expr","locations":[{"start":{"line":101,"column":10},"end":{"line":105,"column":11}},{"start":{"line":105,"column":10},"end":{"line":112,"column":null}}],"line":100},"11":{"loc":{"start":{"line":107,"column":13},"end":{"line":112,"column":null}},"type":"binary-expr","locations":[{"start":{"line":107,"column":13},"end":{"line":107,"column":null}},{"start":{"line":108,"column":14},"end":{"line":112,"column":null}}],"line":107},"12":{"loc":{"start":{"line":125,"column":13},"end":{"line":142,"column":null}},"type":"cond-expr","locations":[{"start":{"line":126,"column":14},"end":{"line":129,"column":28}},{"start":{"line":129,"column":16},"end":{"line":142,"column":null}}],"line":125},"13":{"loc":{"start":{"line":140,"column":19},"end":{"line":140,"column":45}},"type":"binary-expr","locations":[{"start":{"line":140,"column":19},"end":{"line":140,"column":43}},{"start":{"line":140,"column":43},"end":{"line":140,"column":45}}],"line":140},"14":{"loc":{"start":{"line":158,"column":65},"end":{"line":158,"column":null}},"type":"cond-expr","locations":[{"start":{"line":158,"column":78},"end":{"line":158,"column":93}},{"start":{"line":158,"column":93},"end":{"line":158,"column":null}}],"line":158},"15":{"loc":{"start":{"line":159,"column":19},"end":{"line":159,"column":null}},"type":"cond-expr","locations":[{"start":{"line":159,"column":32},"end":{"line":159,"column":38}},{"start":{"line":159,"column":38},"end":{"line":159,"column":null}}],"line":159}},"s":{"0":1,"1":14,"2":14,"3":14,"4":14,"5":14,"6":14,"7":14,"8":10,"9":2,"10":8,"11":8,"12":8,"13":14,"14":14,"15":14,"16":10,"17":14,"18":0,"19":42,"20":42,"21":1,"22":8,"23":9,"24":1,"25":4,"26":0,"27":42},"f":{"0":14,"1":10,"2":10,"3":0,"4":42,"5":42,"6":1,"7":8,"8":9,"9":1,"10":4,"11":0,"12":42},"b":{"0":[14,3],"1":[14,4],"2":[2,8],"3":[0,8],"4":[0,0],"5":[42,28],"6":[42,14],"7":[42,28],"8":[14,28],"9":[1,13],"10":[2,11],"11":[11,4],"12":[1,13],"13":[4,0],"14":[14,28],"15":[14,28]},"meta":{"lastBranch":16,"lastFunction":13,"lastStatement":28,"seen":{"s:11:13:11:Infinity":0,"f:14:16:14:32":0,"s:15:8:15:32":1,"s:16:20:16:64":2,"s:18:72:18:106":3,"s:19:39:19:84":4,"s:21:33:21:59":5,"b:21:33:21:57:21:57:21:59":0,"s:22:36:22:69":6,"b:22:36:22:67:22:67:22:69":1,"s:24:19:28:Infinity":7,"f:24:28:24:35":1,"b:25:4:25:Infinity:undefined:undefined:undefined:undefined":2,"s:25:4:25:Infinity":8,"s:25:39:25:Infinity":9,"b:26:4:26:Infinity:undefined:undefined:undefined:undefined":3,"s:26:4:26:Infinity":10,"s:26:39:26:Infinity":11,"b:26:47:26:72:26:72:26:77":4,"s:27:4:27:Infinity":12,"s:30:28:30:Infinity":13,"s:31:28:31:Infinity":14,"s:32:19:34:Infinity":15,"f:32:28:32:35":2,"s:33:4:33:Infinity":16,"s:36:2:181:Infinity":17,"f:48:20:48:35":3,"s:48:35:48:44":18,"f:59:12:59:17":4,"s:60:12:72:Infinity":19,"b:67:19:67:26:67:26:67:Infinity":5,"b:68:19:68:28:68:28:68:Infinity":6,"b:71:15:71:23:71:23:71:Infinity":7,"f:77:16:77:20":5,"s:78:12:88:Infinity":20,"f:80:14:80:29":6,"s:80:29:80:46":21,"b:83:20:83:Infinity:84:20:84:Infinity":8,"b:97:10:100:Infinity:100:12:112:Infinity":9,"b:101:10:105:11:105:10:112:Infinity":10,"f:102:39:102:44":7,"s:102:53:102:Infinity":22,"f:106:22:106:26":8,"s:106:31:106:68":23,"b:107:13:107:Infinity:108:14:112:Infinity":11,"f:110:24:110:39":9,"s:110:39:110:62":24,"b:126:14:129:28:129:16:142:Infinity":12,"f:129:40:129:44":10,"s:130:14:142:Infinity":25,"f:132:16:132:31":11,"s:132:31:132:65":26,"b:140:19:140:43:140:43:140:45":13,"f:156:14:156:19":12,"s:157:14:165:Infinity":27,"b:158:78:158:93:158:93:158:Infinity":14,"b:159:32:159:38:159:38:159:Infinity":15}}}
}
